[2025-10-05T08:41:49.269+0000] {local_task_job_runner.py:123} INFO - ::group::Pre task execution logs
[2025-10-05T08:41:49.281+0000] {taskinstance.py:2612} INFO - Dependencies all met for dep_context=non-requeueable deps ti=<TaskInstance: forest_cover_mlops_pipeline.train_and_log_models scheduled__2025-10-05T08:35:00+00:00 [queued]>
[2025-10-05T08:41:49.285+0000] {taskinstance.py:2612} INFO - Dependencies all met for dep_context=requeueable deps ti=<TaskInstance: forest_cover_mlops_pipeline.train_and_log_models scheduled__2025-10-05T08:35:00+00:00 [queued]>
[2025-10-05T08:41:49.285+0000] {taskinstance.py:2865} INFO - Starting attempt 1 of 3
[2025-10-05T08:41:49.292+0000] {taskinstance.py:2888} INFO - Executing <Task(_PythonDecoratedOperator): train_and_log_models> on 2025-10-05 08:35:00+00:00
[2025-10-05T08:41:49.298+0000] {standard_task_runner.py:72} INFO - Started process 4650 to run task
[2025-10-05T08:41:49.300+0000] {standard_task_runner.py:104} INFO - Running: ['airflow', 'tasks', 'run', 'forest_cover_mlops_pipeline', 'train_and_log_models', 'scheduled__2025-10-05T08:35:00+00:00', '--job-id', '94', '--raw', '--subdir', 'DAGS_FOLDER/forest_cover_dag.py', '--cfg-path', '/home/airflow/tmp/tmpodyqcucw']
[2025-10-05T08:41:49.302+0000] {standard_task_runner.py:105} INFO - Job 94: Subtask train_and_log_models
[2025-10-05T08:41:49.363+0000] {task_command.py:467} INFO - Running <TaskInstance: forest_cover_mlops_pipeline.train_and_log_models scheduled__2025-10-05T08:35:00+00:00 [running]> on host 3702e9b7dcde
[2025-10-05T08:41:49.776+0000] {taskinstance.py:3131} INFO - Exporting env vars: AIRFLOW_CTX_DAG_OWNER='mlops-team' AIRFLOW_CTX_DAG_ID='forest_cover_mlops_pipeline' AIRFLOW_CTX_TASK_ID='train_and_log_models' AIRFLOW_CTX_EXECUTION_DATE='2025-10-05T08:35:00+00:00' AIRFLOW_CTX_TRY_NUMBER='1' AIRFLOW_CTX_DAG_RUN_ID='scheduled__2025-10-05T08:35:00+00:00'
[2025-10-05T08:41:49.777+0000] {taskinstance.py:731} INFO - ::endgroup::
[2025-10-05T08:41:49.949+0000] {logging_mixin.py:190} INFO - Entrenando 3 modelos con GridSearchCV...
[2025-10-05T08:41:49.950+0000] {logging_mixin.py:190} INFO - 
==================================================
[2025-10-05T08:41:49.950+0000] {logging_mixin.py:190} INFO - Modelo: RandomForest
[2025-10-05T08:41:49.950+0000] {logging_mixin.py:190} INFO - ==================================================
[2025-10-05T08:41:49.965+0000] {logging_mixin.py:190} WARNING - 2025/10/05 08:41:49 WARNING mlflow.utils.git_utils: Failed to import Git (the Git executable is probably not on your PATH), so Git SHA is not available. Error: Failed to initialize: Bad git executable.
The git executable must be specified in one of the following ways:
    - be included in your $PATH
    - be set via $GIT_PYTHON_GIT_EXECUTABLE
    - explicitly set via git.refresh(<full-path-to-git-executable>)

All git commands will error until this is rectified.

This initial message can be silenced or aggravated in the future by setting the
$GIT_PYTHON_REFRESH environment variable. Use one of the following values:
    - quiet|q|silence|s|silent|none|n|0: for no message or exception
    - warn|w|warning|log|l|1: for a warning message (logging level CRITICAL, displayed by default)
    - error|e|exception|raise|r|2: for a raised exception

Example:
    export GIT_PYTHON_REFRESH=quiet
[2025-10-05T08:41:50.022+0000] {warnings.py:110} WARNING - /home/airflow/.local/lib/python3.11/site-packages/joblib/parallel.py:1379: UserWarning: Loky-backed parallel loops cannot be called in a multiprocessing, setting n_jobs=1
  n_jobs = self._backend.configure(

[2025-10-05T08:41:50.023+0000] {logging_mixin.py:190} INFO - Fitting 3 folds for each of 12 candidates, totalling 36 fits
[2025-10-05T08:42:48.386+0000] {logging_mixin.py:190} INFO -   Mejores parámetros: {'classifier__max_depth': None, 'classifier__min_samples_split': 2, 'classifier__n_estimators': 100}
[2025-10-05T08:42:55.343+0000] {logging_mixin.py:190} INFO -   Train Accuracy: 1.0000
[2025-10-05T08:42:55.343+0000] {logging_mixin.py:190} INFO -   Test Accuracy: 0.9740
[2025-10-05T08:42:55.344+0000] {logging_mixin.py:190} INFO -   Test F1 (weighted): 0.9738
[2025-10-05T08:42:55.344+0000] {logging_mixin.py:190} INFO -   CV Score: 0.9643 (+/- 0.0020)
[2025-10-05T08:42:57.600+0000] {logging_mixin.py:190} WARNING - 2025/10/05 08:42:57 WARNING mlflow.models.model: Model logged without a signature and input example. Please set `input_example` parameter when logging the model to auto infer the model signature.
[2025-10-05T08:42:57.650+0000] {credentials.py:1147} INFO - Found credentials in environment variables.
[2025-10-05T08:42:57.973+0000] {logging_mixin.py:190} WARNING - Registered model 'forest_cover_randomforest' already exists. Creating a new version of this model...
[2025-10-05T08:42:57.990+0000] {logging_mixin.py:190} WARNING - 2025/10/05 08:42:57 INFO mlflow.store.model_registry.abstract_store: Waiting up to 300 seconds for model version to finish creation. Model name: forest_cover_randomforest, version 8
[2025-10-05T08:42:57.990+0000] {logging_mixin.py:190} WARNING - Created version '8' of model 'forest_cover_randomforest'.
[2025-10-05T08:42:58.014+0000] {logging_mixin.py:190} WARNING - 2025/10/05 08:42:58 INFO mlflow.tracking._tracking_service.client: 🏃 View run RandomForest_batch_7 at: http://mlflow:5000/#/experiments/1/runs/c8bb82c84c5c44eeb6b4d2863bd93a52.
[2025-10-05T08:42:58.015+0000] {logging_mixin.py:190} WARNING - 2025/10/05 08:42:58 INFO mlflow.tracking._tracking_service.client: 🧪 View experiment at: http://mlflow:5000/#/experiments/1.
[2025-10-05T08:42:58.034+0000] {logging_mixin.py:190} INFO - 
==================================================
[2025-10-05T08:42:58.035+0000] {logging_mixin.py:190} INFO - Modelo: GradientBoosting
[2025-10-05T08:42:58.035+0000] {logging_mixin.py:190} INFO - ==================================================
[2025-10-05T08:42:58.145+0000] {warnings.py:110} WARNING - /home/airflow/.local/lib/python3.11/site-packages/joblib/parallel.py:1379: UserWarning: Loky-backed parallel loops cannot be called in a multiprocessing, setting n_jobs=1
  n_jobs = self._backend.configure(

[2025-10-05T08:42:58.146+0000] {logging_mixin.py:190} INFO - Fitting 3 folds for each of 8 candidates, totalling 24 fits
[2025-10-05T08:51:11.282+0000] {logging_mixin.py:190} INFO -   Mejores parámetros: {'classifier__learning_rate': 0.1, 'classifier__max_depth': 5, 'classifier__n_estimators': 100}
[2025-10-05T08:52:46.690+0000] {logging_mixin.py:190} INFO -   Train Accuracy: 0.9739
[2025-10-05T08:52:46.690+0000] {logging_mixin.py:190} INFO -   Test Accuracy: 0.9526
[2025-10-05T08:52:46.690+0000] {logging_mixin.py:190} INFO -   Test F1 (weighted): 0.9525
[2025-10-05T08:52:46.690+0000] {logging_mixin.py:190} INFO -   CV Score: 0.9441 (+/- 0.0028)
[2025-10-05T08:52:48.175+0000] {logging_mixin.py:190} WARNING - 2025/10/05 08:52:48 WARNING mlflow.models.model: Model logged without a signature and input example. Please set `input_example` parameter when logging the model to auto infer the model signature.
[2025-10-05T08:52:48.268+0000] {logging_mixin.py:190} WARNING - Registered model 'forest_cover_gradientboosting' already exists. Creating a new version of this model...
[2025-10-05T08:52:48.305+0000] {logging_mixin.py:190} WARNING - 2025/10/05 08:52:48 INFO mlflow.store.model_registry.abstract_store: Waiting up to 300 seconds for model version to finish creation. Model name: forest_cover_gradientboosting, version 8
[2025-10-05T08:52:48.305+0000] {logging_mixin.py:190} WARNING - Created version '8' of model 'forest_cover_gradientboosting'.
[2025-10-05T08:52:48.334+0000] {logging_mixin.py:190} WARNING - 2025/10/05 08:52:48 INFO mlflow.tracking._tracking_service.client: 🏃 View run GradientBoosting_batch_7 at: http://mlflow:5000/#/experiments/1/runs/14fd0b66889c4532a2c3dd5bf2c2f2d4.
[2025-10-05T08:52:48.336+0000] {logging_mixin.py:190} WARNING - 2025/10/05 08:52:48 INFO mlflow.tracking._tracking_service.client: 🧪 View experiment at: http://mlflow:5000/#/experiments/1.
[2025-10-05T08:52:48.365+0000] {logging_mixin.py:190} INFO - 
==================================================
[2025-10-05T08:52:48.365+0000] {logging_mixin.py:190} INFO - Modelo: LogisticRegression
[2025-10-05T08:52:48.366+0000] {logging_mixin.py:190} INFO - ==================================================
[2025-10-05T08:52:48.482+0000] {warnings.py:110} WARNING - /home/airflow/.local/lib/python3.11/site-packages/joblib/parallel.py:1379: UserWarning: Loky-backed parallel loops cannot be called in a multiprocessing, setting n_jobs=1
  n_jobs = self._backend.configure(

[2025-10-05T08:52:48.483+0000] {logging_mixin.py:190} INFO - Fitting 3 folds for each of 6 candidates, totalling 18 fits
[2025-10-05T08:53:34.841+0000] {warnings.py:110} WARNING - /home/airflow/.local/lib/python3.11/site-packages/sklearn/linear_model/_sag.py:349: ConvergenceWarning: The max_iter was reached which means the coef_ did not converge
  warnings.warn(

[2025-10-05T08:53:41.272+0000] {warnings.py:110} WARNING - /home/airflow/.local/lib/python3.11/site-packages/sklearn/linear_model/_sag.py:349: ConvergenceWarning: The max_iter was reached which means the coef_ did not converge
  warnings.warn(

[2025-10-05T08:53:47.604+0000] {warnings.py:110} WARNING - /home/airflow/.local/lib/python3.11/site-packages/sklearn/linear_model/_sag.py:349: ConvergenceWarning: The max_iter was reached which means the coef_ did not converge
  warnings.warn(

[2025-10-05T08:53:51.684+0000] {logging_mixin.py:190} INFO -   Mejores parámetros: {'classifier__C': 10.0, 'classifier__solver': 'lbfgs'}
[2025-10-05T08:54:07.143+0000] {logging_mixin.py:190} INFO -   Train Accuracy: 0.7646
[2025-10-05T08:54:07.144+0000] {logging_mixin.py:190} INFO -   Test Accuracy: 0.7623
[2025-10-05T08:54:07.144+0000] {logging_mixin.py:190} INFO -   Test F1 (weighted): 0.7524
[2025-10-05T08:54:07.145+0000] {logging_mixin.py:190} INFO -   CV Score: 0.7644 (+/- 0.0013)
[2025-10-05T08:54:08.892+0000] {logging_mixin.py:190} WARNING - 2025/10/05 08:54:08 WARNING mlflow.models.model: Model logged without a signature and input example. Please set `input_example` parameter when logging the model to auto infer the model signature.
[2025-10-05T08:54:08.940+0000] {logging_mixin.py:190} WARNING - Registered model 'forest_cover_logisticregression' already exists. Creating a new version of this model...
[2025-10-05T08:54:08.956+0000] {logging_mixin.py:190} WARNING - 2025/10/05 08:54:08 INFO mlflow.store.model_registry.abstract_store: Waiting up to 300 seconds for model version to finish creation. Model name: forest_cover_logisticregression, version 8
[2025-10-05T08:54:08.956+0000] {logging_mixin.py:190} WARNING - Created version '8' of model 'forest_cover_logisticregression'.
[2025-10-05T08:54:08.966+0000] {logging_mixin.py:190} WARNING - 2025/10/05 08:54:08 INFO mlflow.tracking._tracking_service.client: 🏃 View run LogisticRegression_batch_7 at: http://mlflow:5000/#/experiments/1/runs/8e683e0aee03433cb258b4d0d46cac3a.
[2025-10-05T08:54:08.966+0000] {logging_mixin.py:190} WARNING - 2025/10/05 08:54:08 INFO mlflow.tracking._tracking_service.client: 🧪 View experiment at: http://mlflow:5000/#/experiments/1.
[2025-10-05T08:54:08.975+0000] {logging_mixin.py:190} INFO - 
==================================================
[2025-10-05T08:54:08.975+0000] {logging_mixin.py:190} INFO - ✓ Entrenamiento completado
[2025-10-05T08:54:08.976+0000] {logging_mixin.py:190} INFO -   Mejor modelo: RandomForest (Accuracy: 0.9740)
[2025-10-05T08:54:08.976+0000] {logging_mixin.py:190} INFO - ==================================================
[2025-10-05T08:54:08.976+0000] {python.py:240} INFO - Done. Returned value was: {'results': {'RandomForest': {'test_accuracy': 0.9739672977624785, 'test_f1_weighted': 0.9738055129703824, 'cv_mean_score': 0.9643395181674417, 'best_params': {'classifier__max_depth': None, 'classifier__min_samples_split': 2, 'classifier__n_estimators': 100}}, 'GradientBoosting': {'test_accuracy': 0.9525602409638554, 'test_f1_weighted': 0.9524987286705446, 'cv_mean_score': 0.9440888987369108, 'best_params': {'classifier__learning_rate': 0.1, 'classifier__max_depth': 5, 'classifier__n_estimators': 100}}, 'LogisticRegression': {'test_accuracy': 0.762263339070568, 'test_f1_weighted': 0.752430284776213, 'cv_mean_score': 0.7644416921190228, 'best_params': {'classifier__C': 10.0, 'classifier__solver': 'lbfgs'}}}, 'best_model': 'RandomForest', 'best_score': 0.9739672977624785, 'experiment_name': 'forest_cover_classification', 'mlflow_uri': 'http://mlflow:5000'}
[2025-10-05T08:54:09.001+0000] {taskinstance.py:340} INFO - ::group::Post task execution logs
[2025-10-05T08:54:09.001+0000] {taskinstance.py:352} INFO - Marking task as SUCCESS. dag_id=forest_cover_mlops_pipeline, task_id=train_and_log_models, run_id=scheduled__2025-10-05T08:35:00+00:00, execution_date=20251005T083500, start_date=20251005T084149, end_date=20251005T085409
[2025-10-05T08:54:09.063+0000] {local_task_job_runner.py:266} INFO - Task exited with return code 0
[2025-10-05T08:54:09.078+0000] {taskinstance.py:3900} INFO - 1 downstream tasks scheduled from follow-on schedule check
[2025-10-05T08:54:09.079+0000] {local_task_job_runner.py:245} INFO - ::endgroup::
