[2025-10-04T23:50:47.277+0000] {processor.py:186} INFO - Started process (PID=60) to work on /opt/airflow/dags/forest_cover_dag.py
[2025-10-04T23:50:47.277+0000] {processor.py:914} INFO - Processing file /opt/airflow/dags/forest_cover_dag.py for tasks to queue
[2025-10-04T23:50:47.279+0000] {logging_mixin.py:190} INFO - [2025-10-04T23:50:47.279+0000] {dagbag.py:588} INFO - Filling up the DagBag from /opt/airflow/dags/forest_cover_dag.py
[2025-10-04T23:50:48.129+0000] {processor.py:925} INFO - DAG(s) 'forest_cover_mlops_pipeline' retrieved from /opt/airflow/dags/forest_cover_dag.py
[2025-10-04T23:50:48.298+0000] {logging_mixin.py:190} INFO - [2025-10-04T23:50:48.296+0000] {override.py:1900} INFO - Created Permission View: can edit on DAG:forest_cover_mlops_pipeline
[2025-10-04T23:50:48.305+0000] {logging_mixin.py:190} INFO - [2025-10-04T23:50:48.305+0000] {override.py:1900} INFO - Created Permission View: can delete on DAG:forest_cover_mlops_pipeline
[2025-10-04T23:50:48.312+0000] {logging_mixin.py:190} INFO - [2025-10-04T23:50:48.311+0000] {override.py:1900} INFO - Created Permission View: can read on DAG:forest_cover_mlops_pipeline
[2025-10-04T23:50:48.319+0000] {logging_mixin.py:190} INFO - [2025-10-04T23:50:48.319+0000] {override.py:1900} INFO - Created Permission View: can create on DAG Run:forest_cover_mlops_pipeline
[2025-10-04T23:50:48.325+0000] {logging_mixin.py:190} INFO - [2025-10-04T23:50:48.325+0000] {override.py:1900} INFO - Created Permission View: can delete on DAG Run:forest_cover_mlops_pipeline
[2025-10-04T23:50:48.332+0000] {logging_mixin.py:190} INFO - [2025-10-04T23:50:48.332+0000] {override.py:1900} INFO - Created Permission View: menu access on DAG Run:forest_cover_mlops_pipeline
[2025-10-04T23:50:48.338+0000] {logging_mixin.py:190} INFO - [2025-10-04T23:50:48.338+0000] {override.py:1900} INFO - Created Permission View: can read on DAG Run:forest_cover_mlops_pipeline
[2025-10-04T23:50:48.338+0000] {logging_mixin.py:190} INFO - [2025-10-04T23:50:48.338+0000] {dag.py:3239} INFO - Sync 1 DAGs
[2025-10-04T23:50:48.347+0000] {logging_mixin.py:190} INFO - [2025-10-04T23:50:48.347+0000] {dag.py:3262} INFO - Creating ORM DAG for forest_cover_mlops_pipeline
[2025-10-04T23:50:48.347+0000] {logging_mixin.py:190} INFO - [2025-10-04T23:50:48.347+0000] {dag.py:4180} INFO - Setting next_dagrun for forest_cover_mlops_pipeline to None, run_after=None
[2025-10-04T23:50:48.362+0000] {processor.py:208} INFO - Processing /opt/airflow/dags/forest_cover_dag.py took 1.090 seconds
[2025-10-04T23:51:18.576+0000] {processor.py:186} INFO - Started process (PID=121) to work on /opt/airflow/dags/forest_cover_dag.py
[2025-10-04T23:51:18.580+0000] {processor.py:914} INFO - Processing file /opt/airflow/dags/forest_cover_dag.py for tasks to queue
[2025-10-04T23:51:18.585+0000] {logging_mixin.py:190} INFO - [2025-10-04T23:51:18.584+0000] {dagbag.py:588} INFO - Filling up the DagBag from /opt/airflow/dags/forest_cover_dag.py
[2025-10-04T23:51:19.317+0000] {processor.py:925} INFO - DAG(s) 'forest_cover_mlops_pipeline' retrieved from /opt/airflow/dags/forest_cover_dag.py
[2025-10-04T23:51:19.333+0000] {logging_mixin.py:190} INFO - [2025-10-04T23:51:19.333+0000] {dag.py:3239} INFO - Sync 1 DAGs
[2025-10-04T23:51:19.339+0000] {logging_mixin.py:190} INFO - [2025-10-04T23:51:19.339+0000] {dag.py:4180} INFO - Setting next_dagrun for forest_cover_mlops_pipeline to None, run_after=None
[2025-10-04T23:51:19.358+0000] {processor.py:208} INFO - Processing /opt/airflow/dags/forest_cover_dag.py took 0.798 seconds
[2025-10-04T23:51:49.678+0000] {processor.py:186} INFO - Started process (PID=189) to work on /opt/airflow/dags/forest_cover_dag.py
[2025-10-04T23:51:49.680+0000] {processor.py:914} INFO - Processing file /opt/airflow/dags/forest_cover_dag.py for tasks to queue
[2025-10-04T23:51:49.685+0000] {logging_mixin.py:190} INFO - [2025-10-04T23:51:49.684+0000] {dagbag.py:588} INFO - Filling up the DagBag from /opt/airflow/dags/forest_cover_dag.py
[2025-10-04T23:51:50.264+0000] {processor.py:925} INFO - DAG(s) 'forest_cover_mlops_pipeline' retrieved from /opt/airflow/dags/forest_cover_dag.py
[2025-10-04T23:51:50.279+0000] {logging_mixin.py:190} INFO - [2025-10-04T23:51:50.279+0000] {dag.py:3239} INFO - Sync 1 DAGs
[2025-10-04T23:51:50.286+0000] {logging_mixin.py:190} INFO - [2025-10-04T23:51:50.286+0000] {dag.py:4180} INFO - Setting next_dagrun for forest_cover_mlops_pipeline to None, run_after=None
[2025-10-04T23:51:50.298+0000] {processor.py:208} INFO - Processing /opt/airflow/dags/forest_cover_dag.py took 0.634 seconds
[2025-10-04T23:52:20.612+0000] {processor.py:186} INFO - Started process (PID=229) to work on /opt/airflow/dags/forest_cover_dag.py
[2025-10-04T23:52:20.616+0000] {processor.py:914} INFO - Processing file /opt/airflow/dags/forest_cover_dag.py for tasks to queue
[2025-10-04T23:52:20.620+0000] {logging_mixin.py:190} INFO - [2025-10-04T23:52:20.619+0000] {dagbag.py:588} INFO - Filling up the DagBag from /opt/airflow/dags/forest_cover_dag.py
[2025-10-04T23:52:21.255+0000] {processor.py:925} INFO - DAG(s) 'forest_cover_mlops_pipeline' retrieved from /opt/airflow/dags/forest_cover_dag.py
[2025-10-04T23:52:21.273+0000] {logging_mixin.py:190} INFO - [2025-10-04T23:52:21.273+0000] {dag.py:3239} INFO - Sync 1 DAGs
[2025-10-04T23:52:21.284+0000] {logging_mixin.py:190} INFO - [2025-10-04T23:52:21.283+0000] {dag.py:4180} INFO - Setting next_dagrun for forest_cover_mlops_pipeline to None, run_after=None
[2025-10-04T23:52:21.302+0000] {processor.py:208} INFO - Processing /opt/airflow/dags/forest_cover_dag.py took 0.702 seconds
[2025-10-04T23:52:51.410+0000] {processor.py:186} INFO - Started process (PID=269) to work on /opt/airflow/dags/forest_cover_dag.py
[2025-10-04T23:52:51.414+0000] {processor.py:914} INFO - Processing file /opt/airflow/dags/forest_cover_dag.py for tasks to queue
[2025-10-04T23:52:51.419+0000] {logging_mixin.py:190} INFO - [2025-10-04T23:52:51.418+0000] {dagbag.py:588} INFO - Filling up the DagBag from /opt/airflow/dags/forest_cover_dag.py
[2025-10-04T23:52:52.118+0000] {processor.py:925} INFO - DAG(s) 'forest_cover_mlops_pipeline' retrieved from /opt/airflow/dags/forest_cover_dag.py
[2025-10-04T23:52:52.139+0000] {logging_mixin.py:190} INFO - [2025-10-04T23:52:52.139+0000] {dag.py:3239} INFO - Sync 1 DAGs
[2025-10-04T23:52:52.147+0000] {logging_mixin.py:190} INFO - [2025-10-04T23:52:52.147+0000] {dag.py:4180} INFO - Setting next_dagrun for forest_cover_mlops_pipeline to None, run_after=None
[2025-10-04T23:52:52.162+0000] {processor.py:208} INFO - Processing /opt/airflow/dags/forest_cover_dag.py took 0.765 seconds
[2025-10-04T23:53:22.433+0000] {processor.py:186} INFO - Started process (PID=447) to work on /opt/airflow/dags/forest_cover_dag.py
[2025-10-04T23:53:22.436+0000] {processor.py:914} INFO - Processing file /opt/airflow/dags/forest_cover_dag.py for tasks to queue
[2025-10-04T23:53:22.437+0000] {logging_mixin.py:190} INFO - [2025-10-04T23:53:22.437+0000] {dagbag.py:588} INFO - Filling up the DagBag from /opt/airflow/dags/forest_cover_dag.py
[2025-10-04T23:53:23.000+0000] {processor.py:925} INFO - DAG(s) 'forest_cover_mlops_pipeline' retrieved from /opt/airflow/dags/forest_cover_dag.py
[2025-10-04T23:53:23.013+0000] {logging_mixin.py:190} INFO - [2025-10-04T23:53:23.013+0000] {dag.py:3239} INFO - Sync 1 DAGs
[2025-10-04T23:53:23.019+0000] {logging_mixin.py:190} INFO - [2025-10-04T23:53:23.019+0000] {dag.py:4180} INFO - Setting next_dagrun for forest_cover_mlops_pipeline to None, run_after=None
[2025-10-04T23:53:23.030+0000] {processor.py:208} INFO - Processing /opt/airflow/dags/forest_cover_dag.py took 0.600 seconds
[2025-10-04T23:53:53.093+0000] {processor.py:186} INFO - Started process (PID=487) to work on /opt/airflow/dags/forest_cover_dag.py
[2025-10-04T23:53:53.096+0000] {processor.py:914} INFO - Processing file /opt/airflow/dags/forest_cover_dag.py for tasks to queue
[2025-10-04T23:53:53.097+0000] {logging_mixin.py:190} INFO - [2025-10-04T23:53:53.097+0000] {dagbag.py:588} INFO - Filling up the DagBag from /opt/airflow/dags/forest_cover_dag.py
[2025-10-04T23:53:53.677+0000] {processor.py:925} INFO - DAG(s) 'forest_cover_mlops_pipeline' retrieved from /opt/airflow/dags/forest_cover_dag.py
[2025-10-04T23:53:53.695+0000] {logging_mixin.py:190} INFO - [2025-10-04T23:53:53.694+0000] {dag.py:3239} INFO - Sync 1 DAGs
[2025-10-04T23:53:53.702+0000] {logging_mixin.py:190} INFO - [2025-10-04T23:53:53.702+0000] {dag.py:4180} INFO - Setting next_dagrun for forest_cover_mlops_pipeline to None, run_after=None
[2025-10-04T23:53:53.715+0000] {processor.py:208} INFO - Processing /opt/airflow/dags/forest_cover_dag.py took 0.625 seconds
[2025-10-04T23:54:24.026+0000] {processor.py:186} INFO - Started process (PID=520) to work on /opt/airflow/dags/forest_cover_dag.py
[2025-10-04T23:54:24.029+0000] {processor.py:914} INFO - Processing file /opt/airflow/dags/forest_cover_dag.py for tasks to queue
[2025-10-04T23:54:24.034+0000] {logging_mixin.py:190} INFO - [2025-10-04T23:54:24.033+0000] {dagbag.py:588} INFO - Filling up the DagBag from /opt/airflow/dags/forest_cover_dag.py
[2025-10-04T23:54:24.666+0000] {processor.py:925} INFO - DAG(s) 'forest_cover_mlops_pipeline' retrieved from /opt/airflow/dags/forest_cover_dag.py
[2025-10-04T23:54:24.680+0000] {logging_mixin.py:190} INFO - [2025-10-04T23:54:24.680+0000] {dag.py:3239} INFO - Sync 1 DAGs
[2025-10-04T23:54:24.688+0000] {logging_mixin.py:190} INFO - [2025-10-04T23:54:24.687+0000] {dag.py:4180} INFO - Setting next_dagrun for forest_cover_mlops_pipeline to None, run_after=None
[2025-10-04T23:54:24.703+0000] {processor.py:208} INFO - Processing /opt/airflow/dags/forest_cover_dag.py took 0.690 seconds
[2025-10-04T23:54:54.895+0000] {processor.py:186} INFO - Started process (PID=560) to work on /opt/airflow/dags/forest_cover_dag.py
[2025-10-04T23:54:54.898+0000] {processor.py:914} INFO - Processing file /opt/airflow/dags/forest_cover_dag.py for tasks to queue
[2025-10-04T23:54:54.902+0000] {logging_mixin.py:190} INFO - [2025-10-04T23:54:54.902+0000] {dagbag.py:588} INFO - Filling up the DagBag from /opt/airflow/dags/forest_cover_dag.py
[2025-10-04T23:54:55.447+0000] {processor.py:925} INFO - DAG(s) 'forest_cover_mlops_pipeline' retrieved from /opt/airflow/dags/forest_cover_dag.py
[2025-10-04T23:54:55.464+0000] {logging_mixin.py:190} INFO - [2025-10-04T23:54:55.464+0000] {dag.py:3239} INFO - Sync 1 DAGs
[2025-10-04T23:54:55.471+0000] {logging_mixin.py:190} INFO - [2025-10-04T23:54:55.471+0000] {dag.py:4180} INFO - Setting next_dagrun for forest_cover_mlops_pipeline to None, run_after=None
[2025-10-04T23:54:55.491+0000] {processor.py:208} INFO - Processing /opt/airflow/dags/forest_cover_dag.py took 0.609 seconds
[2025-10-04T23:55:25.800+0000] {processor.py:186} INFO - Started process (PID=600) to work on /opt/airflow/dags/forest_cover_dag.py
[2025-10-04T23:55:25.801+0000] {processor.py:914} INFO - Processing file /opt/airflow/dags/forest_cover_dag.py for tasks to queue
[2025-10-04T23:55:25.802+0000] {logging_mixin.py:190} INFO - [2025-10-04T23:55:25.802+0000] {dagbag.py:588} INFO - Filling up the DagBag from /opt/airflow/dags/forest_cover_dag.py
[2025-10-04T23:55:26.364+0000] {processor.py:925} INFO - DAG(s) 'forest_cover_mlops_pipeline' retrieved from /opt/airflow/dags/forest_cover_dag.py
[2025-10-04T23:55:26.384+0000] {logging_mixin.py:190} INFO - [2025-10-04T23:55:26.384+0000] {dag.py:3239} INFO - Sync 1 DAGs
[2025-10-04T23:55:26.404+0000] {logging_mixin.py:190} INFO - [2025-10-04T23:55:26.403+0000] {dag.py:4180} INFO - Setting next_dagrun for forest_cover_mlops_pipeline to None, run_after=None
[2025-10-04T23:55:26.440+0000] {processor.py:208} INFO - Processing /opt/airflow/dags/forest_cover_dag.py took 0.644 seconds
[2025-10-04T23:55:56.559+0000] {processor.py:186} INFO - Started process (PID=640) to work on /opt/airflow/dags/forest_cover_dag.py
[2025-10-04T23:55:56.564+0000] {processor.py:914} INFO - Processing file /opt/airflow/dags/forest_cover_dag.py for tasks to queue
[2025-10-04T23:55:56.568+0000] {logging_mixin.py:190} INFO - [2025-10-04T23:55:56.568+0000] {dagbag.py:588} INFO - Filling up the DagBag from /opt/airflow/dags/forest_cover_dag.py
[2025-10-04T23:55:57.271+0000] {processor.py:925} INFO - DAG(s) 'forest_cover_mlops_pipeline' retrieved from /opt/airflow/dags/forest_cover_dag.py
[2025-10-04T23:55:57.289+0000] {logging_mixin.py:190} INFO - [2025-10-04T23:55:57.289+0000] {dag.py:3239} INFO - Sync 1 DAGs
[2025-10-04T23:55:57.296+0000] {logging_mixin.py:190} INFO - [2025-10-04T23:55:57.296+0000] {dag.py:4180} INFO - Setting next_dagrun for forest_cover_mlops_pipeline to None, run_after=None
[2025-10-04T23:55:57.310+0000] {processor.py:208} INFO - Processing /opt/airflow/dags/forest_cover_dag.py took 0.765 seconds
[2025-10-04T23:56:27.623+0000] {processor.py:186} INFO - Started process (PID=680) to work on /opt/airflow/dags/forest_cover_dag.py
[2025-10-04T23:56:27.626+0000] {processor.py:914} INFO - Processing file /opt/airflow/dags/forest_cover_dag.py for tasks to queue
[2025-10-04T23:56:27.631+0000] {logging_mixin.py:190} INFO - [2025-10-04T23:56:27.630+0000] {dagbag.py:588} INFO - Filling up the DagBag from /opt/airflow/dags/forest_cover_dag.py
[2025-10-04T23:56:28.327+0000] {processor.py:925} INFO - DAG(s) 'forest_cover_mlops_pipeline' retrieved from /opt/airflow/dags/forest_cover_dag.py
[2025-10-04T23:56:28.341+0000] {logging_mixin.py:190} INFO - [2025-10-04T23:56:28.341+0000] {dag.py:3239} INFO - Sync 1 DAGs
[2025-10-04T23:56:28.347+0000] {logging_mixin.py:190} INFO - [2025-10-04T23:56:28.347+0000] {dag.py:4180} INFO - Setting next_dagrun for forest_cover_mlops_pipeline to None, run_after=None
[2025-10-04T23:56:28.359+0000] {processor.py:208} INFO - Processing /opt/airflow/dags/forest_cover_dag.py took 0.749 seconds
[2025-10-04T23:56:58.676+0000] {processor.py:186} INFO - Started process (PID=720) to work on /opt/airflow/dags/forest_cover_dag.py
[2025-10-04T23:56:58.679+0000] {processor.py:914} INFO - Processing file /opt/airflow/dags/forest_cover_dag.py for tasks to queue
[2025-10-04T23:56:58.684+0000] {logging_mixin.py:190} INFO - [2025-10-04T23:56:58.683+0000] {dagbag.py:588} INFO - Filling up the DagBag from /opt/airflow/dags/forest_cover_dag.py
[2025-10-04T23:56:59.236+0000] {processor.py:925} INFO - DAG(s) 'forest_cover_mlops_pipeline' retrieved from /opt/airflow/dags/forest_cover_dag.py
[2025-10-04T23:56:59.250+0000] {logging_mixin.py:190} INFO - [2025-10-04T23:56:59.250+0000] {dag.py:3239} INFO - Sync 1 DAGs
[2025-10-04T23:56:59.256+0000] {logging_mixin.py:190} INFO - [2025-10-04T23:56:59.256+0000] {dag.py:4180} INFO - Setting next_dagrun for forest_cover_mlops_pipeline to None, run_after=None
[2025-10-04T23:56:59.266+0000] {processor.py:208} INFO - Processing /opt/airflow/dags/forest_cover_dag.py took 0.604 seconds
[2025-10-04T23:57:29.560+0000] {processor.py:186} INFO - Started process (PID=760) to work on /opt/airflow/dags/forest_cover_dag.py
[2025-10-04T23:57:29.563+0000] {processor.py:914} INFO - Processing file /opt/airflow/dags/forest_cover_dag.py for tasks to queue
[2025-10-04T23:57:29.568+0000] {logging_mixin.py:190} INFO - [2025-10-04T23:57:29.567+0000] {dagbag.py:588} INFO - Filling up the DagBag from /opt/airflow/dags/forest_cover_dag.py
[2025-10-04T23:57:30.217+0000] {processor.py:925} INFO - DAG(s) 'forest_cover_mlops_pipeline' retrieved from /opt/airflow/dags/forest_cover_dag.py
[2025-10-04T23:57:30.234+0000] {logging_mixin.py:190} INFO - [2025-10-04T23:57:30.234+0000] {dag.py:3239} INFO - Sync 1 DAGs
[2025-10-04T23:57:30.241+0000] {logging_mixin.py:190} INFO - [2025-10-04T23:57:30.241+0000] {dag.py:4180} INFO - Setting next_dagrun for forest_cover_mlops_pipeline to None, run_after=None
[2025-10-04T23:57:30.254+0000] {processor.py:208} INFO - Processing /opt/airflow/dags/forest_cover_dag.py took 0.707 seconds
[2025-10-04T23:58:00.561+0000] {processor.py:186} INFO - Started process (PID=800) to work on /opt/airflow/dags/forest_cover_dag.py
[2025-10-04T23:58:00.563+0000] {processor.py:914} INFO - Processing file /opt/airflow/dags/forest_cover_dag.py for tasks to queue
[2025-10-04T23:58:00.567+0000] {logging_mixin.py:190} INFO - [2025-10-04T23:58:00.566+0000] {dagbag.py:588} INFO - Filling up the DagBag from /opt/airflow/dags/forest_cover_dag.py
[2025-10-04T23:58:01.233+0000] {processor.py:925} INFO - DAG(s) 'forest_cover_mlops_pipeline' retrieved from /opt/airflow/dags/forest_cover_dag.py
[2025-10-04T23:58:01.249+0000] {logging_mixin.py:190} INFO - [2025-10-04T23:58:01.249+0000] {dag.py:3239} INFO - Sync 1 DAGs
[2025-10-04T23:58:01.256+0000] {logging_mixin.py:190} INFO - [2025-10-04T23:58:01.256+0000] {dag.py:4180} INFO - Setting next_dagrun for forest_cover_mlops_pipeline to None, run_after=None
[2025-10-04T23:58:01.274+0000] {processor.py:208} INFO - Processing /opt/airflow/dags/forest_cover_dag.py took 0.728 seconds
[2025-10-04T23:58:31.590+0000] {processor.py:186} INFO - Started process (PID=840) to work on /opt/airflow/dags/forest_cover_dag.py
[2025-10-04T23:58:31.592+0000] {processor.py:914} INFO - Processing file /opt/airflow/dags/forest_cover_dag.py for tasks to queue
[2025-10-04T23:58:31.596+0000] {logging_mixin.py:190} INFO - [2025-10-04T23:58:31.595+0000] {dagbag.py:588} INFO - Filling up the DagBag from /opt/airflow/dags/forest_cover_dag.py
[2025-10-04T23:58:32.281+0000] {processor.py:925} INFO - DAG(s) 'forest_cover_mlops_pipeline' retrieved from /opt/airflow/dags/forest_cover_dag.py
[2025-10-04T23:58:32.298+0000] {logging_mixin.py:190} INFO - [2025-10-04T23:58:32.298+0000] {dag.py:3239} INFO - Sync 1 DAGs
[2025-10-04T23:58:32.307+0000] {logging_mixin.py:190} INFO - [2025-10-04T23:58:32.307+0000] {dag.py:4180} INFO - Setting next_dagrun for forest_cover_mlops_pipeline to None, run_after=None
[2025-10-04T23:58:32.330+0000] {processor.py:208} INFO - Processing /opt/airflow/dags/forest_cover_dag.py took 0.754 seconds
[2025-10-04T23:59:02.649+0000] {processor.py:186} INFO - Started process (PID=880) to work on /opt/airflow/dags/forest_cover_dag.py
[2025-10-04T23:59:02.651+0000] {processor.py:914} INFO - Processing file /opt/airflow/dags/forest_cover_dag.py for tasks to queue
[2025-10-04T23:59:02.655+0000] {logging_mixin.py:190} INFO - [2025-10-04T23:59:02.654+0000] {dagbag.py:588} INFO - Filling up the DagBag from /opt/airflow/dags/forest_cover_dag.py
[2025-10-04T23:59:03.249+0000] {processor.py:925} INFO - DAG(s) 'forest_cover_mlops_pipeline' retrieved from /opt/airflow/dags/forest_cover_dag.py
[2025-10-04T23:59:03.266+0000] {logging_mixin.py:190} INFO - [2025-10-04T23:59:03.266+0000] {dag.py:3239} INFO - Sync 1 DAGs
[2025-10-04T23:59:03.274+0000] {logging_mixin.py:190} INFO - [2025-10-04T23:59:03.274+0000] {dag.py:4180} INFO - Setting next_dagrun for forest_cover_mlops_pipeline to None, run_after=None
[2025-10-04T23:59:03.295+0000] {processor.py:208} INFO - Processing /opt/airflow/dags/forest_cover_dag.py took 0.659 seconds
[2025-10-04T23:59:33.616+0000] {processor.py:186} INFO - Started process (PID=920) to work on /opt/airflow/dags/forest_cover_dag.py
[2025-10-04T23:59:33.620+0000] {processor.py:914} INFO - Processing file /opt/airflow/dags/forest_cover_dag.py for tasks to queue
[2025-10-04T23:59:33.625+0000] {logging_mixin.py:190} INFO - [2025-10-04T23:59:33.624+0000] {dagbag.py:588} INFO - Filling up the DagBag from /opt/airflow/dags/forest_cover_dag.py
[2025-10-04T23:59:34.211+0000] {processor.py:925} INFO - DAG(s) 'forest_cover_mlops_pipeline' retrieved from /opt/airflow/dags/forest_cover_dag.py
[2025-10-04T23:59:34.226+0000] {logging_mixin.py:190} INFO - [2025-10-04T23:59:34.226+0000] {dag.py:3239} INFO - Sync 1 DAGs
[2025-10-04T23:59:34.234+0000] {logging_mixin.py:190} INFO - [2025-10-04T23:59:34.234+0000] {dag.py:4180} INFO - Setting next_dagrun for forest_cover_mlops_pipeline to None, run_after=None
[2025-10-04T23:59:34.247+0000] {processor.py:208} INFO - Processing /opt/airflow/dags/forest_cover_dag.py took 0.645 seconds
