[2025-10-05T07:57:10.192+0000] {local_task_job_runner.py:123} INFO - ::group::Pre task execution logs
[2025-10-05T07:57:10.206+0000] {taskinstance.py:2612} INFO - Dependencies all met for dep_context=non-requeueable deps ti=<TaskInstance: forest_cover_mlops_pipeline.load_accumulated_data manual__2025-10-05T07:55:23.750394+00:00 [queued]>
[2025-10-05T07:57:10.211+0000] {taskinstance.py:2612} INFO - Dependencies all met for dep_context=requeueable deps ti=<TaskInstance: forest_cover_mlops_pipeline.load_accumulated_data manual__2025-10-05T07:55:23.750394+00:00 [queued]>
[2025-10-05T07:57:10.211+0000] {taskinstance.py:2865} INFO - Starting attempt 1 of 3
[2025-10-05T07:57:10.218+0000] {taskinstance.py:2888} INFO - Executing <Task(_PythonDecoratedOperator): load_accumulated_data> on 2025-10-05 07:55:23.750394+00:00
[2025-10-05T07:57:10.225+0000] {standard_task_runner.py:72} INFO - Started process 856 to run task
[2025-10-05T07:57:10.228+0000] {standard_task_runner.py:104} INFO - Running: ['airflow', 'tasks', 'run', 'forest_cover_mlops_pipeline', 'load_accumulated_data', 'manual__2025-10-05T07:55:23.750394+00:00', '--job-id', '56', '--raw', '--subdir', 'DAGS_FOLDER/forest_cover_dag.py', '--cfg-path', '/home/airflow/tmp/tmpvnnh0o92']
[2025-10-05T07:57:10.229+0000] {standard_task_runner.py:105} INFO - Job 56: Subtask load_accumulated_data
[2025-10-05T07:57:10.265+0000] {task_command.py:467} INFO - Running <TaskInstance: forest_cover_mlops_pipeline.load_accumulated_data manual__2025-10-05T07:55:23.750394+00:00 [running]> on host 3702e9b7dcde
[2025-10-05T07:57:10.336+0000] {taskinstance.py:3131} INFO - Exporting env vars: AIRFLOW_CTX_DAG_OWNER='mlops-team' AIRFLOW_CTX_DAG_ID='forest_cover_mlops_pipeline' AIRFLOW_CTX_TASK_ID='load_accumulated_data' AIRFLOW_CTX_EXECUTION_DATE='2025-10-05T07:55:23.750394+00:00' AIRFLOW_CTX_TRY_NUMBER='1' AIRFLOW_CTX_DAG_RUN_ID='manual__2025-10-05T07:55:23.750394+00:00'
[2025-10-05T07:57:10.337+0000] {taskinstance.py:731} INFO - ::endgroup::
[2025-10-05T07:57:10.412+0000] {logging_mixin.py:190} INFO - ✓ Datos acumulados cargados desde PostgreSQL
[2025-10-05T07:57:10.412+0000] {logging_mixin.py:190} INFO -   - Batches únicos cargados: [1]
[2025-10-05T07:57:10.412+0000] {logging_mixin.py:190} INFO -   - Total de registros: 11620
[2025-10-05T07:57:10.412+0000] {logging_mixin.py:190} INFO -   - Forma del DataFrame: (11620, 13)
[2025-10-05T07:57:10.412+0000] {logging_mixin.py:190} INFO -   - Columnas: ['Elevation', 'Aspect', 'Slope', 'Horizontal_Distance_To_Hydrology', 'Vertical_Distance_To_Hydrology', 'Horizontal_Distance_To_Roadways', 'Hillshade_9am', 'Hillshade_Noon', 'Hillshade_3pm', 'Horizontal_Distance_To_Fire_Points', 'Wilderness_Area', 'Soil_Type', 'Cover_Type']
[2025-10-05T07:57:10.413+0000] {python.py:240} INFO - Done. Returned value was:        Elevation  Aspect  Slope  ...  Wilderness_Area  Soil_Type  Cover_Type
0           3342     328     16  ...            Rawah      C7745           0
1           3238      96     13  ...        Commanche      C7755           6
2           2837     268      6  ...        Commanche      C4703           1
3           2607       5     20  ...        Commanche      C4703           5
4           2846     349     14  ...        Commanche      C4704           1
...          ...     ...    ...  ...              ...        ...         ...
11615       3066      27     10  ...        Commanche      C7756           1
11616       3153      80     12  ...        Commanche      C7755           0
11617       3057     238      6  ...        Commanche      C7757           1
11618       3209     110     13  ...            Rawah      C7202           0
11619       3092     199     17  ...        Commanche      C7700           1

[11620 rows x 13 columns]
[2025-10-05T07:57:10.481+0000] {taskinstance.py:340} INFO - ::group::Post task execution logs
[2025-10-05T07:57:10.482+0000] {taskinstance.py:352} INFO - Marking task as SUCCESS. dag_id=forest_cover_mlops_pipeline, task_id=load_accumulated_data, run_id=manual__2025-10-05T07:55:23.750394+00:00, execution_date=20251005T075523, start_date=20251005T075710, end_date=20251005T075710
[2025-10-05T07:57:10.520+0000] {local_task_job_runner.py:266} INFO - Task exited with return code 0
[2025-10-05T07:57:10.538+0000] {taskinstance.py:3900} INFO - 1 downstream tasks scheduled from follow-on schedule check
[2025-10-05T07:57:10.539+0000] {local_task_job_runner.py:245} INFO - ::endgroup::
