[2025-10-05T03:39:43.772+0000] {local_task_job_runner.py:123} INFO - ::group::Pre task execution logs
[2025-10-05T03:39:43.789+0000] {taskinstance.py:2612} INFO - Dependencies all met for dep_context=non-requeueable deps ti=<TaskInstance: forest_cover_mlops_pipeline.load_accumulated_data scheduled__2025-10-05T03:30:00+00:00 [queued]>
[2025-10-05T03:39:43.796+0000] {taskinstance.py:2612} INFO - Dependencies all met for dep_context=requeueable deps ti=<TaskInstance: forest_cover_mlops_pipeline.load_accumulated_data scheduled__2025-10-05T03:30:00+00:00 [queued]>
[2025-10-05T03:39:43.797+0000] {taskinstance.py:2865} INFO - Starting attempt 1 of 3
[2025-10-05T03:39:43.804+0000] {taskinstance.py:2888} INFO - Executing <Task(_PythonDecoratedOperator): load_accumulated_data> on 2025-10-05 03:30:00+00:00
[2025-10-05T03:39:43.810+0000] {standard_task_runner.py:72} INFO - Started process 3446 to run task
[2025-10-05T03:39:43.812+0000] {standard_task_runner.py:104} INFO - Running: ['airflow', 'tasks', 'run', 'forest_cover_mlops_pipeline', 'load_accumulated_data', 'scheduled__2025-10-05T03:30:00+00:00', '--job-id', '42', '--raw', '--subdir', 'DAGS_FOLDER/forest_cover_dag.py', '--cfg-path', '/home/airflow/tmp/tmpzdt3q11e']
[2025-10-05T03:39:43.814+0000] {standard_task_runner.py:105} INFO - Job 42: Subtask load_accumulated_data
[2025-10-05T03:39:43.884+0000] {task_command.py:467} INFO - Running <TaskInstance: forest_cover_mlops_pipeline.load_accumulated_data scheduled__2025-10-05T03:30:00+00:00 [running]> on host 251551b582e0
[2025-10-05T03:39:44.097+0000] {taskinstance.py:3131} INFO - Exporting env vars: AIRFLOW_CTX_DAG_OWNER='mlops-team' AIRFLOW_CTX_DAG_ID='forest_cover_mlops_pipeline' AIRFLOW_CTX_TASK_ID='load_accumulated_data' AIRFLOW_CTX_EXECUTION_DATE='2025-10-05T03:30:00+00:00' AIRFLOW_CTX_TRY_NUMBER='1' AIRFLOW_CTX_DAG_RUN_ID='scheduled__2025-10-05T03:30:00+00:00'
[2025-10-05T03:39:44.099+0000] {taskinstance.py:731} INFO - ::endgroup::
[2025-10-05T03:39:44.414+0000] {logging_mixin.py:190} INFO - ✓ Datos acumulados cargados desde PostgreSQL
[2025-10-05T03:39:44.415+0000] {logging_mixin.py:190} INFO -   - Batches únicos cargados: [3, 4, 5, 6, 7, 8, 9]
[2025-10-05T03:39:44.415+0000] {logging_mixin.py:190} INFO -   - Total de registros: 40670
[2025-10-05T03:39:44.415+0000] {logging_mixin.py:190} INFO -   - Forma del DataFrame: (40670, 13)
[2025-10-05T03:39:44.415+0000] {logging_mixin.py:190} INFO -   - Columnas: ['Elevation', 'Aspect', 'Slope', 'Horizontal_Distance_To_Hydrology', 'Vertical_Distance_To_Hydrology', 'Horizontal_Distance_To_Roadways', 'Hillshade_9am', 'Hillshade_Noon', 'Hillshade_3pm', 'Horizontal_Distance_To_Fire_Points', 'Wilderness_Area', 'Soil_Type', 'Cover_Type']
[2025-10-05T03:39:44.418+0000] {python.py:240} INFO - Done. Returned value was:        Elevation  Aspect  Slope  ...  Wilderness_Area  Soil_Type  Cover_Type
0           2884      47     10  ...        Commanche      C4704           1
1           3152     356     15  ...        Commanche      C7202           0
2           3233     304     28  ...            Rawah      C7745           0
3           2851     123     12  ...        Commanche      C7755           1
4           2857      37     14  ...        Commanche      C4704           1
...          ...     ...    ...  ...              ...        ...         ...
40665       2490     302     14  ...            Cache      C4703           2
40666       2424     241     22  ...            Cache      C4703           2
40667       3084     111      9  ...        Commanche      C7755           0
40668       3115     288      5  ...        Commanche      C7756           1
40669       2941     285      7  ...        Commanche      C7202           1

[40670 rows x 13 columns]
[2025-10-05T03:39:44.512+0000] {taskinstance.py:340} INFO - ::group::Post task execution logs
[2025-10-05T03:39:44.512+0000] {taskinstance.py:352} INFO - Marking task as SUCCESS. dag_id=forest_cover_mlops_pipeline, task_id=load_accumulated_data, run_id=scheduled__2025-10-05T03:30:00+00:00, execution_date=20251005T033000, start_date=20251005T033943, end_date=20251005T033944
[2025-10-05T03:39:44.586+0000] {local_task_job_runner.py:266} INFO - Task exited with return code 0
[2025-10-05T03:39:44.603+0000] {taskinstance.py:3900} INFO - 1 downstream tasks scheduled from follow-on schedule check
[2025-10-05T03:39:44.604+0000] {local_task_job_runner.py:245} INFO - ::endgroup::
