[2025-10-05T08:41:39.312+0000] {local_task_job_runner.py:123} INFO - ::group::Pre task execution logs
[2025-10-05T08:41:39.325+0000] {taskinstance.py:2612} INFO - Dependencies all met for dep_context=non-requeueable deps ti=<TaskInstance: forest_cover_mlops_pipeline.log_pipeline_summary scheduled__2025-10-05T08:25:00+00:00 [queued]>
[2025-10-05T08:41:39.330+0000] {taskinstance.py:2612} INFO - Dependencies all met for dep_context=requeueable deps ti=<TaskInstance: forest_cover_mlops_pipeline.log_pipeline_summary scheduled__2025-10-05T08:25:00+00:00 [queued]>
[2025-10-05T08:41:39.330+0000] {taskinstance.py:2865} INFO - Starting attempt 1 of 3
[2025-10-05T08:41:39.336+0000] {taskinstance.py:2888} INFO - Executing <Task(_PythonDecoratedOperator): log_pipeline_summary> on 2025-10-05 08:25:00+00:00
[2025-10-05T08:41:39.343+0000] {standard_task_runner.py:72} INFO - Started process 4459 to run task
[2025-10-05T08:41:39.346+0000] {standard_task_runner.py:104} INFO - Running: ['airflow', 'tasks', 'run', 'forest_cover_mlops_pipeline', 'log_pipeline_summary', 'scheduled__2025-10-05T08:25:00+00:00', '--job-id', '89', '--raw', '--subdir', 'DAGS_FOLDER/forest_cover_dag.py', '--cfg-path', '/home/airflow/tmp/tmpg2g2rxcp']
[2025-10-05T08:41:39.347+0000] {standard_task_runner.py:105} INFO - Job 89: Subtask log_pipeline_summary
[2025-10-05T08:41:39.426+0000] {task_command.py:467} INFO - Running <TaskInstance: forest_cover_mlops_pipeline.log_pipeline_summary scheduled__2025-10-05T08:25:00+00:00 [running]> on host 3702e9b7dcde
[2025-10-05T08:41:39.511+0000] {taskinstance.py:3131} INFO - Exporting env vars: AIRFLOW_CTX_DAG_OWNER='mlops-team' AIRFLOW_CTX_DAG_ID='forest_cover_mlops_pipeline' AIRFLOW_CTX_TASK_ID='log_pipeline_summary' AIRFLOW_CTX_EXECUTION_DATE='2025-10-05T08:25:00+00:00' AIRFLOW_CTX_TRY_NUMBER='1' AIRFLOW_CTX_DAG_RUN_ID='scheduled__2025-10-05T08:25:00+00:00'
[2025-10-05T08:41:39.512+0000] {taskinstance.py:731} INFO - ::endgroup::
[2025-10-05T08:41:39.513+0000] {logging_mixin.py:190} INFO - 
======================================================================
[2025-10-05T08:41:39.513+0000] {logging_mixin.py:190} INFO - RESUMEN DEL PIPELINE DE MLOPS
[2025-10-05T08:41:39.513+0000] {logging_mixin.py:190} INFO - ======================================================================
[2025-10-05T08:41:39.513+0000] {logging_mixin.py:190} INFO - Batch procesado: #6
[2025-10-05T08:41:39.513+0000] {logging_mixin.py:190} INFO - Total de batches acumulados: 6/10
[2025-10-05T08:41:39.513+0000] {logging_mixin.py:190} INFO - Total de registros: 40670
[2025-10-05T08:41:39.513+0000] {logging_mixin.py:190} INFO - 
Mejor modelo: RandomForest
[2025-10-05T08:41:39.514+0000] {logging_mixin.py:190} INFO - Accuracy: 0.9737
[2025-10-05T08:41:39.514+0000] {logging_mixin.py:190} INFO - 
MLflow Tracking URI: http://mlflow:5000
[2025-10-05T08:41:39.514+0000] {logging_mixin.py:190} INFO - Experimento: forest_cover_classification
[2025-10-05T08:41:39.514+0000] {logging_mixin.py:190} INFO - ======================================================================
[2025-10-05T08:41:39.514+0000] {logging_mixin.py:190} INFO - ✓ Pipeline ejecutado exitosamente
[2025-10-05T08:41:39.514+0000] {logging_mixin.py:190} INFO - ======================================================================
[2025-10-05T08:41:39.514+0000] {python.py:240} INFO - Done. Returned value was: None
[2025-10-05T08:41:39.523+0000] {taskinstance.py:340} INFO - ::group::Post task execution logs
[2025-10-05T08:41:39.523+0000] {taskinstance.py:352} INFO - Marking task as SUCCESS. dag_id=forest_cover_mlops_pipeline, task_id=log_pipeline_summary, run_id=scheduled__2025-10-05T08:25:00+00:00, execution_date=20251005T082500, start_date=20251005T084139, end_date=20251005T084139
[2025-10-05T08:41:39.558+0000] {local_task_job_runner.py:266} INFO - Task exited with return code 0
[2025-10-05T08:41:39.589+0000] {taskinstance.py:3900} INFO - 0 downstream tasks scheduled from follow-on schedule check
[2025-10-05T08:41:39.591+0000] {local_task_job_runner.py:245} INFO - ::endgroup::
