[2025-10-05T08:54:21.216+0000] {local_task_job_runner.py:123} INFO - ::group::Pre task execution logs
[2025-10-05T08:54:21.230+0000] {taskinstance.py:2612} INFO - Dependencies all met for dep_context=non-requeueable deps ti=<TaskInstance: forest_cover_mlops_pipeline.train_and_log_models scheduled__2025-10-05T08:45:00+00:00 [queued]>
[2025-10-05T08:54:21.234+0000] {taskinstance.py:2612} INFO - Dependencies all met for dep_context=requeueable deps ti=<TaskInstance: forest_cover_mlops_pipeline.train_and_log_models scheduled__2025-10-05T08:45:00+00:00 [queued]>
[2025-10-05T08:54:21.234+0000] {taskinstance.py:2865} INFO - Starting attempt 1 of 3
[2025-10-05T08:54:21.241+0000] {taskinstance.py:2888} INFO - Executing <Task(_PythonDecoratedOperator): train_and_log_models> on 2025-10-05 08:45:00+00:00
[2025-10-05T08:54:21.248+0000] {standard_task_runner.py:72} INFO - Started process 5341 to run task
[2025-10-05T08:54:21.251+0000] {standard_task_runner.py:104} INFO - Running: ['airflow', 'tasks', 'run', 'forest_cover_mlops_pipeline', 'train_and_log_models', 'scheduled__2025-10-05T08:45:00+00:00', '--job-id', '100', '--raw', '--subdir', 'DAGS_FOLDER/forest_cover_dag.py', '--cfg-path', '/home/airflow/tmp/tmpp8pcpfuc']
[2025-10-05T08:54:21.253+0000] {standard_task_runner.py:105} INFO - Job 100: Subtask train_and_log_models
[2025-10-05T08:54:21.357+0000] {task_command.py:467} INFO - Running <TaskInstance: forest_cover_mlops_pipeline.train_and_log_models scheduled__2025-10-05T08:45:00+00:00 [running]> on host 3702e9b7dcde
[2025-10-05T08:54:21.819+0000] {taskinstance.py:3131} INFO - Exporting env vars: AIRFLOW_CTX_DAG_OWNER='mlops-team' AIRFLOW_CTX_DAG_ID='forest_cover_mlops_pipeline' AIRFLOW_CTX_TASK_ID='train_and_log_models' AIRFLOW_CTX_EXECUTION_DATE='2025-10-05T08:45:00+00:00' AIRFLOW_CTX_TRY_NUMBER='1' AIRFLOW_CTX_DAG_RUN_ID='scheduled__2025-10-05T08:45:00+00:00'
[2025-10-05T08:54:21.819+0000] {taskinstance.py:731} INFO - ::endgroup::
[2025-10-05T08:54:22.076+0000] {logging_mixin.py:190} INFO - Entrenando 3 modelos con GridSearchCV...
[2025-10-05T08:54:22.076+0000] {logging_mixin.py:190} INFO - 
==================================================
[2025-10-05T08:54:22.076+0000] {logging_mixin.py:190} INFO - Modelo: RandomForest
[2025-10-05T08:54:22.076+0000] {logging_mixin.py:190} INFO - ==================================================
[2025-10-05T08:54:22.092+0000] {logging_mixin.py:190} WARNING - 2025/10/05 08:54:22 WARNING mlflow.utils.git_utils: Failed to import Git (the Git executable is probably not on your PATH), so Git SHA is not available. Error: Failed to initialize: Bad git executable.
The git executable must be specified in one of the following ways:
    - be included in your $PATH
    - be set via $GIT_PYTHON_GIT_EXECUTABLE
    - explicitly set via git.refresh(<full-path-to-git-executable>)

All git commands will error until this is rectified.

This initial message can be silenced or aggravated in the future by setting the
$GIT_PYTHON_REFRESH environment variable. Use one of the following values:
    - quiet|q|silence|s|silent|none|n|0: for no message or exception
    - warn|w|warning|log|l|1: for a warning message (logging level CRITICAL, displayed by default)
    - error|e|exception|raise|r|2: for a raised exception

Example:
    export GIT_PYTHON_REFRESH=quiet
[2025-10-05T08:54:22.165+0000] {warnings.py:110} WARNING - /home/airflow/.local/lib/python3.11/site-packages/joblib/parallel.py:1379: UserWarning: Loky-backed parallel loops cannot be called in a multiprocessing, setting n_jobs=1
  n_jobs = self._backend.configure(

[2025-10-05T08:54:22.165+0000] {logging_mixin.py:190} INFO - Fitting 3 folds for each of 12 candidates, totalling 36 fits
[2025-10-05T08:55:28.720+0000] {logging_mixin.py:190} INFO -   Mejores parámetros: {'classifier__max_depth': None, 'classifier__min_samples_split': 2, 'classifier__n_estimators': 100}
[2025-10-05T08:55:36.746+0000] {logging_mixin.py:190} INFO -   Train Accuracy: 1.0000
[2025-10-05T08:55:36.746+0000] {logging_mixin.py:190} INFO -   Test Accuracy: 0.9761
[2025-10-05T08:55:36.746+0000] {logging_mixin.py:190} INFO -   Test F1 (weighted): 0.9760
[2025-10-05T08:55:36.746+0000] {logging_mixin.py:190} INFO -   CV Score: 0.9670 (+/- 0.0013)
[2025-10-05T08:55:38.925+0000] {logging_mixin.py:190} WARNING - 2025/10/05 08:55:38 WARNING mlflow.models.model: Model logged without a signature and input example. Please set `input_example` parameter when logging the model to auto infer the model signature.
[2025-10-05T08:55:38.973+0000] {credentials.py:1147} INFO - Found credentials in environment variables.
[2025-10-05T08:55:39.288+0000] {logging_mixin.py:190} WARNING - Registered model 'forest_cover_randomforest' already exists. Creating a new version of this model...
[2025-10-05T08:55:39.307+0000] {logging_mixin.py:190} WARNING - 2025/10/05 08:55:39 INFO mlflow.store.model_registry.abstract_store: Waiting up to 300 seconds for model version to finish creation. Model name: forest_cover_randomforest, version 9
[2025-10-05T08:55:39.307+0000] {logging_mixin.py:190} WARNING - Created version '9' of model 'forest_cover_randomforest'.
[2025-10-05T08:55:39.338+0000] {logging_mixin.py:190} WARNING - 2025/10/05 08:55:39 INFO mlflow.tracking._tracking_service.client: 🏃 View run RandomForest_batch_8 at: http://mlflow:5000/#/experiments/1/runs/782fed4c0ac34972831e9123bce41de1.
[2025-10-05T08:55:39.339+0000] {logging_mixin.py:190} WARNING - 2025/10/05 08:55:39 INFO mlflow.tracking._tracking_service.client: 🧪 View experiment at: http://mlflow:5000/#/experiments/1.
[2025-10-05T08:55:39.360+0000] {logging_mixin.py:190} INFO - 
==================================================
[2025-10-05T08:55:39.360+0000] {logging_mixin.py:190} INFO - Modelo: GradientBoosting
[2025-10-05T08:55:39.361+0000] {logging_mixin.py:190} INFO - ==================================================
[2025-10-05T08:55:39.483+0000] {warnings.py:110} WARNING - /home/airflow/.local/lib/python3.11/site-packages/joblib/parallel.py:1379: UserWarning: Loky-backed parallel loops cannot be called in a multiprocessing, setting n_jobs=1
  n_jobs = self._backend.configure(

[2025-10-05T08:55:39.484+0000] {logging_mixin.py:190} INFO - Fitting 3 folds for each of 8 candidates, totalling 24 fits
[2025-10-05T09:04:52.224+0000] {logging_mixin.py:190} INFO -   Mejores parámetros: {'classifier__learning_rate': 0.1, 'classifier__max_depth': 5, 'classifier__n_estimators': 100}
[2025-10-05T09:06:37.278+0000] {logging_mixin.py:190} INFO -   Train Accuracy: 0.9725
[2025-10-05T09:06:37.278+0000] {logging_mixin.py:190} INFO -   Test Accuracy: 0.9520
[2025-10-05T09:06:37.278+0000] {logging_mixin.py:190} INFO -   Test F1 (weighted): 0.9519
[2025-10-05T09:06:37.278+0000] {logging_mixin.py:190} INFO -   CV Score: 0.9465 (+/- 0.0024)
[2025-10-05T09:06:38.838+0000] {logging_mixin.py:190} WARNING - 2025/10/05 09:06:38 WARNING mlflow.models.model: Model logged without a signature and input example. Please set `input_example` parameter when logging the model to auto infer the model signature.
[2025-10-05T09:06:38.917+0000] {logging_mixin.py:190} WARNING - Registered model 'forest_cover_gradientboosting' already exists. Creating a new version of this model...
[2025-10-05T09:06:38.972+0000] {logging_mixin.py:190} WARNING - 2025/10/05 09:06:38 INFO mlflow.store.model_registry.abstract_store: Waiting up to 300 seconds for model version to finish creation. Model name: forest_cover_gradientboosting, version 9
[2025-10-05T09:06:38.973+0000] {logging_mixin.py:190} WARNING - Created version '9' of model 'forest_cover_gradientboosting'.
[2025-10-05T09:06:38.996+0000] {logging_mixin.py:190} WARNING - 2025/10/05 09:06:38 INFO mlflow.tracking._tracking_service.client: 🏃 View run GradientBoosting_batch_8 at: http://mlflow:5000/#/experiments/1/runs/8f5eb7ce185a4f5d9b6be0d7131af8c5.
[2025-10-05T09:06:38.997+0000] {logging_mixin.py:190} WARNING - 2025/10/05 09:06:38 INFO mlflow.tracking._tracking_service.client: 🧪 View experiment at: http://mlflow:5000/#/experiments/1.
[2025-10-05T09:06:39.014+0000] {logging_mixin.py:190} INFO - 
==================================================
[2025-10-05T09:06:39.015+0000] {logging_mixin.py:190} INFO - Modelo: LogisticRegression
[2025-10-05T09:06:39.015+0000] {logging_mixin.py:190} INFO - ==================================================
[2025-10-05T09:06:39.136+0000] {warnings.py:110} WARNING - /home/airflow/.local/lib/python3.11/site-packages/joblib/parallel.py:1379: UserWarning: Loky-backed parallel loops cannot be called in a multiprocessing, setting n_jobs=1
  n_jobs = self._backend.configure(

[2025-10-05T09:06:39.136+0000] {logging_mixin.py:190} INFO - Fitting 3 folds for each of 6 candidates, totalling 18 fits
[2025-10-05T09:07:25.257+0000] {warnings.py:110} WARNING - /home/airflow/.local/lib/python3.11/site-packages/sklearn/linear_model/_sag.py:349: ConvergenceWarning: The max_iter was reached which means the coef_ did not converge
  warnings.warn(

[2025-10-05T09:07:32.345+0000] {warnings.py:110} WARNING - /home/airflow/.local/lib/python3.11/site-packages/sklearn/linear_model/_sag.py:349: ConvergenceWarning: The max_iter was reached which means the coef_ did not converge
  warnings.warn(

[2025-10-05T09:07:39.565+0000] {warnings.py:110} WARNING - /home/airflow/.local/lib/python3.11/site-packages/sklearn/linear_model/_sag.py:349: ConvergenceWarning: The max_iter was reached which means the coef_ did not converge
  warnings.warn(

[2025-10-05T09:07:46.774+0000] {logging_mixin.py:190} INFO -   Mejores parámetros: {'classifier__C': 10.0, 'classifier__solver': 'lbfgs'}
[2025-10-05T09:08:03.790+0000] {logging_mixin.py:190} INFO -   Train Accuracy: 0.7668
[2025-10-05T09:08:03.791+0000] {logging_mixin.py:190} INFO -   Test Accuracy: 0.7605
[2025-10-05T09:08:03.793+0000] {logging_mixin.py:190} INFO -   Test F1 (weighted): 0.7500
[2025-10-05T09:08:03.795+0000] {logging_mixin.py:190} INFO -   CV Score: 0.7670 (+/- 0.0014)
[2025-10-05T09:08:05.417+0000] {logging_mixin.py:190} WARNING - 2025/10/05 09:08:05 WARNING mlflow.models.model: Model logged without a signature and input example. Please set `input_example` parameter when logging the model to auto infer the model signature.
[2025-10-05T09:08:05.488+0000] {logging_mixin.py:190} WARNING - Registered model 'forest_cover_logisticregression' already exists. Creating a new version of this model...
[2025-10-05T09:08:05.536+0000] {logging_mixin.py:190} WARNING - 2025/10/05 09:08:05 INFO mlflow.store.model_registry.abstract_store: Waiting up to 300 seconds for model version to finish creation. Model name: forest_cover_logisticregression, version 9
[2025-10-05T09:08:05.537+0000] {logging_mixin.py:190} WARNING - Created version '9' of model 'forest_cover_logisticregression'.
[2025-10-05T09:08:05.559+0000] {logging_mixin.py:190} WARNING - 2025/10/05 09:08:05 INFO mlflow.tracking._tracking_service.client: 🏃 View run LogisticRegression_batch_8 at: http://mlflow:5000/#/experiments/1/runs/58b1a281088f40e589bcae89e36ebf1c.
[2025-10-05T09:08:05.559+0000] {logging_mixin.py:190} WARNING - 2025/10/05 09:08:05 INFO mlflow.tracking._tracking_service.client: 🧪 View experiment at: http://mlflow:5000/#/experiments/1.
[2025-10-05T09:08:05.579+0000] {logging_mixin.py:190} INFO - 
==================================================
[2025-10-05T09:08:05.579+0000] {logging_mixin.py:190} INFO - ✓ Entrenamiento completado
[2025-10-05T09:08:05.579+0000] {logging_mixin.py:190} INFO -   Mejor modelo: RandomForest (Accuracy: 0.9761)
[2025-10-05T09:08:05.580+0000] {logging_mixin.py:190} INFO - ==================================================
[2025-10-05T09:08:05.580+0000] {python.py:240} INFO - Done. Returned value was: {'results': {'RandomForest': {'test_accuracy': 0.9760948556129279, 'test_f1_weighted': 0.9759746193649274, 'cv_mean_score': 0.9669630904570664, 'best_params': {'classifier__max_depth': None, 'classifier__min_samples_split': 2, 'classifier__n_estimators': 100}}, 'GradientBoosting': {'test_accuracy': 0.9519984700707592, 'test_f1_weighted': 0.9519101768270837, 'cv_mean_score': 0.9465002868617326, 'best_params': {'classifier__learning_rate': 0.1, 'classifier__max_depth': 5, 'classifier__n_estimators': 100}}, 'LogisticRegression': {'test_accuracy': 0.7604704532415376, 'test_f1_weighted': 0.7500310749205163, 'cv_mean_score': 0.7670443679479825, 'best_params': {'classifier__C': 10.0, 'classifier__solver': 'lbfgs'}}}, 'best_model': 'RandomForest', 'best_score': 0.9760948556129279, 'experiment_name': 'forest_cover_classification', 'mlflow_uri': 'http://mlflow:5000'}
[2025-10-05T09:08:05.665+0000] {taskinstance.py:340} INFO - ::group::Post task execution logs
[2025-10-05T09:08:05.666+0000] {taskinstance.py:352} INFO - Marking task as SUCCESS. dag_id=forest_cover_mlops_pipeline, task_id=train_and_log_models, run_id=scheduled__2025-10-05T08:45:00+00:00, execution_date=20251005T084500, start_date=20251005T085421, end_date=20251005T090805
[2025-10-05T09:08:05.745+0000] {local_task_job_runner.py:266} INFO - Task exited with return code 0
[2025-10-05T09:08:05.757+0000] {taskinstance.py:3900} INFO - 1 downstream tasks scheduled from follow-on schedule check
[2025-10-05T09:08:05.758+0000] {local_task_job_runner.py:245} INFO - ::endgroup::
