[2025-10-05T08:30:43.063+0000] {local_task_job_runner.py:123} INFO - ::group::Pre task execution logs
[2025-10-05T08:30:43.075+0000] {taskinstance.py:2612} INFO - Dependencies all met for dep_context=non-requeueable deps ti=<TaskInstance: forest_cover_mlops_pipeline.load_accumulated_data scheduled__2025-10-05T08:25:00+00:00 [queued]>
[2025-10-05T08:30:43.079+0000] {taskinstance.py:2612} INFO - Dependencies all met for dep_context=requeueable deps ti=<TaskInstance: forest_cover_mlops_pipeline.load_accumulated_data scheduled__2025-10-05T08:25:00+00:00 [queued]>
[2025-10-05T08:30:43.079+0000] {taskinstance.py:2865} INFO - Starting attempt 1 of 3
[2025-10-05T08:30:43.086+0000] {taskinstance.py:2888} INFO - Executing <Task(_PythonDecoratedOperator): load_accumulated_data> on 2025-10-05 08:25:00+00:00
[2025-10-05T08:30:43.092+0000] {standard_task_runner.py:72} INFO - Started process 3894 to run task
[2025-10-05T08:30:43.094+0000] {standard_task_runner.py:104} INFO - Running: ['airflow', 'tasks', 'run', 'forest_cover_mlops_pipeline', 'load_accumulated_data', 'scheduled__2025-10-05T08:25:00+00:00', '--job-id', '86', '--raw', '--subdir', 'DAGS_FOLDER/forest_cover_dag.py', '--cfg-path', '/home/airflow/tmp/tmprgoen1g_']
[2025-10-05T08:30:43.095+0000] {standard_task_runner.py:105} INFO - Job 86: Subtask load_accumulated_data
[2025-10-05T08:30:43.137+0000] {task_command.py:467} INFO - Running <TaskInstance: forest_cover_mlops_pipeline.load_accumulated_data scheduled__2025-10-05T08:25:00+00:00 [running]> on host 3702e9b7dcde
[2025-10-05T08:30:43.247+0000] {taskinstance.py:3131} INFO - Exporting env vars: AIRFLOW_CTX_DAG_OWNER='mlops-team' AIRFLOW_CTX_DAG_ID='forest_cover_mlops_pipeline' AIRFLOW_CTX_TASK_ID='load_accumulated_data' AIRFLOW_CTX_EXECUTION_DATE='2025-10-05T08:25:00+00:00' AIRFLOW_CTX_TRY_NUMBER='1' AIRFLOW_CTX_DAG_RUN_ID='scheduled__2025-10-05T08:25:00+00:00'
[2025-10-05T08:30:43.248+0000] {taskinstance.py:731} INFO - ::endgroup::
[2025-10-05T08:30:43.574+0000] {logging_mixin.py:190} INFO - ✓ Datos acumulados cargados desde PostgreSQL
[2025-10-05T08:30:43.575+0000] {logging_mixin.py:190} INFO -   - Batches únicos cargados: [1, 2, 3, 4, 5, 6]
[2025-10-05T08:30:43.575+0000] {logging_mixin.py:190} INFO -   - Total de registros: 40670
[2025-10-05T08:30:43.575+0000] {logging_mixin.py:190} INFO -   - Forma del DataFrame: (40670, 13)
[2025-10-05T08:30:43.575+0000] {logging_mixin.py:190} INFO -   - Columnas: ['Elevation', 'Aspect', 'Slope', 'Horizontal_Distance_To_Hydrology', 'Vertical_Distance_To_Hydrology', 'Horizontal_Distance_To_Roadways', 'Hillshade_9am', 'Hillshade_Noon', 'Hillshade_3pm', 'Horizontal_Distance_To_Fire_Points', 'Wilderness_Area', 'Soil_Type', 'Cover_Type']
[2025-10-05T08:30:43.577+0000] {python.py:240} INFO - Done. Returned value was:        Elevation  Aspect  Slope  ...  Wilderness_Area  Soil_Type  Cover_Type
0           3342     328     16  ...            Rawah      C7745           0
1           3238      96     13  ...        Commanche      C7755           6
2           2837     268      6  ...        Commanche      C4703           1
3           2607       5     20  ...        Commanche      C4703           5
4           2846     349     14  ...        Commanche      C4704           1
...          ...     ...    ...  ...              ...        ...         ...
40665       2690      96      6  ...        Commanche      C6102           1
40666       3153     325     19  ...            Rawah      C7745           0
40667       2511     327      8  ...            Cache      C2717           1
40668       2834     136     19  ...            Rawah      C7745           0
40669       3006      75      5  ...        Commanche      C7756           0

[40670 rows x 13 columns]
[2025-10-05T08:30:43.681+0000] {taskinstance.py:340} INFO - ::group::Post task execution logs
[2025-10-05T08:30:43.682+0000] {taskinstance.py:352} INFO - Marking task as SUCCESS. dag_id=forest_cover_mlops_pipeline, task_id=load_accumulated_data, run_id=scheduled__2025-10-05T08:25:00+00:00, execution_date=20251005T082500, start_date=20251005T083043, end_date=20251005T083043
[2025-10-05T08:30:43.748+0000] {local_task_job_runner.py:266} INFO - Task exited with return code 0
[2025-10-05T08:30:43.817+0000] {taskinstance.py:3900} INFO - 1 downstream tasks scheduled from follow-on schedule check
[2025-10-05T08:30:43.818+0000] {local_task_job_runner.py:245} INFO - ::endgroup::
