[2025-10-05T08:01:15.602+0000] {local_task_job_runner.py:123} INFO - ::group::Pre task execution logs
[2025-10-05T08:01:15.616+0000] {taskinstance.py:2612} INFO - Dependencies all met for dep_context=non-requeueable deps ti=<TaskInstance: forest_cover_mlops_pipeline.store_batch_in_postgres scheduled__2025-10-05T07:55:00+00:00 [queued]>
[2025-10-05T08:01:15.621+0000] {taskinstance.py:2612} INFO - Dependencies all met for dep_context=requeueable deps ti=<TaskInstance: forest_cover_mlops_pipeline.store_batch_in_postgres scheduled__2025-10-05T07:55:00+00:00 [queued]>
[2025-10-05T08:01:15.621+0000] {taskinstance.py:2865} INFO - Starting attempt 1 of 3
[2025-10-05T08:01:15.629+0000] {taskinstance.py:2888} INFO - Executing <Task(_PythonDecoratedOperator): store_batch_in_postgres> on 2025-10-05 07:55:00+00:00
[2025-10-05T08:01:15.637+0000] {standard_task_runner.py:72} INFO - Started process 1387 to run task
[2025-10-05T08:01:15.639+0000] {standard_task_runner.py:104} INFO - Running: ['airflow', 'tasks', 'run', 'forest_cover_mlops_pipeline', 'store_batch_in_postgres', 'scheduled__2025-10-05T07:55:00+00:00', '--job-id', '61', '--raw', '--subdir', 'DAGS_FOLDER/forest_cover_dag.py', '--cfg-path', '/home/airflow/tmp/tmpe_escg3q']
[2025-10-05T08:01:15.641+0000] {standard_task_runner.py:105} INFO - Job 61: Subtask store_batch_in_postgres
[2025-10-05T08:01:15.731+0000] {task_command.py:467} INFO - Running <TaskInstance: forest_cover_mlops_pipeline.store_batch_in_postgres scheduled__2025-10-05T07:55:00+00:00 [running]> on host 3702e9b7dcde
[2025-10-05T08:01:15.911+0000] {taskinstance.py:3131} INFO - Exporting env vars: AIRFLOW_CTX_DAG_OWNER='mlops-team' AIRFLOW_CTX_DAG_ID='forest_cover_mlops_pipeline' AIRFLOW_CTX_TASK_ID='store_batch_in_postgres' AIRFLOW_CTX_EXECUTION_DATE='2025-10-05T07:55:00+00:00' AIRFLOW_CTX_TRY_NUMBER='1' AIRFLOW_CTX_DAG_RUN_ID='scheduled__2025-10-05T07:55:00+00:00'
[2025-10-05T08:01:15.912+0000] {taskinstance.py:731} INFO - ::endgroup::
[2025-10-05T08:01:15.962+0000] {logging_mixin.py:190} INFO - ✓ Batch almacenado en PostgreSQL
[2025-10-05T08:01:15.962+0000] {logging_mixin.py:190} INFO -   - ID insertado: 3
[2025-10-05T08:01:15.962+0000] {logging_mixin.py:190} INFO -   - Batch number: 2
[2025-10-05T08:01:15.962+0000] {logging_mixin.py:190} INFO -   - Registros en este batch: 5810
[2025-10-05T08:01:15.962+0000] {logging_mixin.py:190} INFO -   - Total de batches acumulados: 2
[2025-10-05T08:01:15.962+0000] {logging_mixin.py:190} INFO -   - Total de registros acumulados: 17430
[2025-10-05T08:01:15.962+0000] {python.py:240} INFO - Done. Returned value was: {'batch_number': 2, 'records_in_batch': 5810, 'total_batches': 2, 'total_records': 17430}
[2025-10-05T08:01:15.984+0000] {taskinstance.py:340} INFO - ::group::Post task execution logs
[2025-10-05T08:01:15.984+0000] {taskinstance.py:352} INFO - Marking task as SUCCESS. dag_id=forest_cover_mlops_pipeline, task_id=store_batch_in_postgres, run_id=scheduled__2025-10-05T07:55:00+00:00, execution_date=20251005T075500, start_date=20251005T080115, end_date=20251005T080115
[2025-10-05T08:01:16.014+0000] {local_task_job_runner.py:266} INFO - Task exited with return code 0
[2025-10-05T08:01:16.061+0000] {taskinstance.py:3900} INFO - 1 downstream tasks scheduled from follow-on schedule check
[2025-10-05T08:01:16.062+0000] {local_task_job_runner.py:245} INFO - ::endgroup::
