[2025-10-05T04:29:53.519+0000] {local_task_job_runner.py:123} INFO - ::group::Pre task execution logs
[2025-10-05T04:29:53.532+0000] {taskinstance.py:2612} INFO - Dependencies all met for dep_context=non-requeueable deps ti=<TaskInstance: forest_cover_mlops_pipeline.load_accumulated_data scheduled__2025-10-05T04:20:00+00:00 [queued]>
[2025-10-05T04:29:53.538+0000] {taskinstance.py:2612} INFO - Dependencies all met for dep_context=requeueable deps ti=<TaskInstance: forest_cover_mlops_pipeline.load_accumulated_data scheduled__2025-10-05T04:20:00+00:00 [queued]>
[2025-10-05T04:29:53.538+0000] {taskinstance.py:2865} INFO - Starting attempt 1 of 3
[2025-10-05T04:29:53.545+0000] {taskinstance.py:2888} INFO - Executing <Task(_PythonDecoratedOperator): load_accumulated_data> on 2025-10-05 04:20:00+00:00
[2025-10-05T04:29:53.550+0000] {standard_task_runner.py:72} INFO - Started process 522 to run task
[2025-10-05T04:29:53.552+0000] {standard_task_runner.py:104} INFO - Running: ['airflow', 'tasks', 'run', 'forest_cover_mlops_pipeline', 'load_accumulated_data', 'scheduled__2025-10-05T04:20:00+00:00', '--job-id', '4', '--raw', '--subdir', 'DAGS_FOLDER/forest_cover_dag.py', '--cfg-path', '/home/airflow/tmp/tmphp8gosbh']
[2025-10-05T04:29:53.554+0000] {standard_task_runner.py:105} INFO - Job 4: Subtask load_accumulated_data
[2025-10-05T04:29:53.633+0000] {task_command.py:467} INFO - Running <TaskInstance: forest_cover_mlops_pipeline.load_accumulated_data scheduled__2025-10-05T04:20:00+00:00 [running]> on host 6099a2463998
[2025-10-05T04:29:53.759+0000] {taskinstance.py:3131} INFO - Exporting env vars: AIRFLOW_CTX_DAG_OWNER='mlops-team' AIRFLOW_CTX_DAG_ID='forest_cover_mlops_pipeline' AIRFLOW_CTX_TASK_ID='load_accumulated_data' AIRFLOW_CTX_EXECUTION_DATE='2025-10-05T04:20:00+00:00' AIRFLOW_CTX_TRY_NUMBER='1' AIRFLOW_CTX_DAG_RUN_ID='scheduled__2025-10-05T04:20:00+00:00'
[2025-10-05T04:29:53.760+0000] {taskinstance.py:731} INFO - ::endgroup::
[2025-10-05T04:29:53.821+0000] {logging_mixin.py:190} INFO - ✓ Datos acumulados cargados desde PostgreSQL
[2025-10-05T04:29:53.821+0000] {logging_mixin.py:190} INFO -   - Batches únicos cargados: [10]
[2025-10-05T04:29:53.821+0000] {logging_mixin.py:190} INFO -   - Total de registros: 5810
[2025-10-05T04:29:53.821+0000] {logging_mixin.py:190} INFO -   - Forma del DataFrame: (5810, 13)
[2025-10-05T04:29:53.821+0000] {logging_mixin.py:190} INFO -   - Columnas: ['Elevation', 'Aspect', 'Slope', 'Horizontal_Distance_To_Hydrology', 'Vertical_Distance_To_Hydrology', 'Horizontal_Distance_To_Roadways', 'Hillshade_9am', 'Hillshade_Noon', 'Hillshade_3pm', 'Horizontal_Distance_To_Fire_Points', 'Wilderness_Area', 'Soil_Type', 'Cover_Type']
[2025-10-05T04:29:53.821+0000] {python.py:240} INFO - Done. Returned value was:       Elevation  Aspect  Slope  ...  Wilderness_Area  Soil_Type  Cover_Type
0          2999      61     13  ...        Commanche      C7756           1
1          3317      82     13  ...            Rawah      C8771           0
2          2904      12     11  ...        Commanche      C7756           1
3          2906      60      4  ...        Commanche      C4758           1
4          2406     283     19  ...            Cache      C4703           5
...         ...     ...    ...  ...              ...        ...         ...
5805       3000     276     12  ...        Commanche      C7756           1
5806       3050     358      9  ...        Commanche      C7700           0
5807       3100     322     12  ...            Rawah      C7202           0
5808       2907     112     15  ...        Commanche      C7755           1
5809       3371     118     21  ...            Rawah      C8776           6

[5810 rows x 13 columns]
[2025-10-05T04:29:53.886+0000] {taskinstance.py:340} INFO - ::group::Post task execution logs
[2025-10-05T04:29:53.886+0000] {taskinstance.py:352} INFO - Marking task as SUCCESS. dag_id=forest_cover_mlops_pipeline, task_id=load_accumulated_data, run_id=scheduled__2025-10-05T04:20:00+00:00, execution_date=20251005T042000, start_date=20251005T042953, end_date=20251005T042953
[2025-10-05T04:29:53.925+0000] {local_task_job_runner.py:266} INFO - Task exited with return code 0
[2025-10-05T04:29:53.958+0000] {taskinstance.py:3900} INFO - 0 downstream tasks scheduled from follow-on schedule check
[2025-10-05T04:29:53.959+0000] {local_task_job_runner.py:245} INFO - ::endgroup::
