[2025-10-05T03:39:47.646+0000] {local_task_job_runner.py:123} INFO - ::group::Pre task execution logs
[2025-10-05T03:39:47.658+0000] {taskinstance.py:2612} INFO - Dependencies all met for dep_context=non-requeueable deps ti=<TaskInstance: forest_cover_mlops_pipeline.train_and_log_models scheduled__2025-10-05T03:30:00+00:00 [queued]>
[2025-10-05T03:39:47.662+0000] {taskinstance.py:2612} INFO - Dependencies all met for dep_context=requeueable deps ti=<TaskInstance: forest_cover_mlops_pipeline.train_and_log_models scheduled__2025-10-05T03:30:00+00:00 [queued]>
[2025-10-05T03:39:47.662+0000] {taskinstance.py:2865} INFO - Starting attempt 1 of 3
[2025-10-05T03:39:47.668+0000] {taskinstance.py:2888} INFO - Executing <Task(_PythonDecoratedOperator): train_and_log_models> on 2025-10-05 03:30:00+00:00
[2025-10-05T03:39:47.674+0000] {standard_task_runner.py:72} INFO - Started process 3533 to run task
[2025-10-05T03:39:47.675+0000] {standard_task_runner.py:104} INFO - Running: ['airflow', 'tasks', 'run', 'forest_cover_mlops_pipeline', 'train_and_log_models', 'scheduled__2025-10-05T03:30:00+00:00', '--job-id', '44', '--raw', '--subdir', 'DAGS_FOLDER/forest_cover_dag.py', '--cfg-path', '/home/airflow/tmp/tmp2cexhhol']
[2025-10-05T03:39:47.676+0000] {standard_task_runner.py:105} INFO - Job 44: Subtask train_and_log_models
[2025-10-05T03:39:47.739+0000] {task_command.py:467} INFO - Running <TaskInstance: forest_cover_mlops_pipeline.train_and_log_models scheduled__2025-10-05T03:30:00+00:00 [running]> on host 251551b582e0
[2025-10-05T03:39:48.058+0000] {taskinstance.py:3131} INFO - Exporting env vars: AIRFLOW_CTX_DAG_OWNER='mlops-team' AIRFLOW_CTX_DAG_ID='forest_cover_mlops_pipeline' AIRFLOW_CTX_TASK_ID='train_and_log_models' AIRFLOW_CTX_EXECUTION_DATE='2025-10-05T03:30:00+00:00' AIRFLOW_CTX_TRY_NUMBER='1' AIRFLOW_CTX_DAG_RUN_ID='scheduled__2025-10-05T03:30:00+00:00'
[2025-10-05T03:39:48.058+0000] {taskinstance.py:731} INFO - ::endgroup::
[2025-10-05T03:39:48.213+0000] {logging_mixin.py:190} INFO - Entrenando 3 modelos con GridSearchCV...
[2025-10-05T03:39:48.214+0000] {logging_mixin.py:190} INFO - 
==================================================
[2025-10-05T03:39:48.214+0000] {logging_mixin.py:190} INFO - Modelo: RandomForest
[2025-10-05T03:39:48.214+0000] {logging_mixin.py:190} INFO - ==================================================
[2025-10-05T03:39:48.229+0000] {logging_mixin.py:190} WARNING - 2025/10/05 03:39:48 WARNING mlflow.utils.git_utils: Failed to import Git (the Git executable is probably not on your PATH), so Git SHA is not available. Error: Failed to initialize: Bad git executable.
The git executable must be specified in one of the following ways:
    - be included in your $PATH
    - be set via $GIT_PYTHON_GIT_EXECUTABLE
    - explicitly set via git.refresh(<full-path-to-git-executable>)

All git commands will error until this is rectified.

This initial message can be silenced or aggravated in the future by setting the
$GIT_PYTHON_REFRESH environment variable. Use one of the following values:
    - quiet|q|silence|s|silent|none|n|0: for no message or exception
    - warn|w|warning|log|l|1: for a warning message (logging level CRITICAL, displayed by default)
    - error|e|exception|raise|r|2: for a raised exception

Example:
    export GIT_PYTHON_REFRESH=quiet
[2025-10-05T03:39:48.286+0000] {warnings.py:110} WARNING - /home/airflow/.local/lib/python3.11/site-packages/joblib/parallel.py:1379: UserWarning: Loky-backed parallel loops cannot be called in a multiprocessing, setting n_jobs=1
  n_jobs = self._backend.configure(

[2025-10-05T03:39:48.287+0000] {logging_mixin.py:190} INFO - Fitting 3 folds for each of 12 candidates, totalling 36 fits
[2025-10-05T03:40:38.273+0000] {logging_mixin.py:190} INFO -   Mejores parámetros: {'classifier__max_depth': None, 'classifier__min_samples_split': 2, 'classifier__n_estimators': 100}
[2025-10-05T03:40:44.642+0000] {logging_mixin.py:190} INFO -   Train Accuracy: 1.0000
[2025-10-05T03:40:44.642+0000] {logging_mixin.py:190} INFO -   Test Accuracy: 0.9714
[2025-10-05T03:40:44.642+0000] {logging_mixin.py:190} INFO -   Test F1 (weighted): 0.9712
[2025-10-05T03:40:44.642+0000] {logging_mixin.py:190} INFO -   CV Score: 0.9604 (+/- 0.0011)
[2025-10-05T03:40:46.784+0000] {logging_mixin.py:190} WARNING - 2025/10/05 03:40:46 WARNING mlflow.models.model: Model logged without a signature and input example. Please set `input_example` parameter when logging the model to auto infer the model signature.
[2025-10-05T03:40:46.922+0000] {credentials.py:1147} INFO - Found credentials in environment variables.
[2025-10-05T03:40:47.127+0000] {logging_mixin.py:190} WARNING - Registered model 'forest_cover_randomforest' already exists. Creating a new version of this model...
[2025-10-05T03:40:47.142+0000] {logging_mixin.py:190} WARNING - 2025/10/05 03:40:47 INFO mlflow.store.model_registry.abstract_store: Waiting up to 300 seconds for model version to finish creation. Model name: forest_cover_randomforest, version 6
[2025-10-05T03:40:47.142+0000] {logging_mixin.py:190} WARNING - Created version '6' of model 'forest_cover_randomforest'.
[2025-10-05T03:40:47.152+0000] {logging_mixin.py:190} WARNING - 2025/10/05 03:40:47 INFO mlflow.tracking._tracking_service.client: 🏃 View run RandomForest_batch_7 at: http://mlflow:5000/#/experiments/1/runs/0486879f3da844f9bdafb380c5d21553.
[2025-10-05T03:40:47.152+0000] {logging_mixin.py:190} WARNING - 2025/10/05 03:40:47 INFO mlflow.tracking._tracking_service.client: 🧪 View experiment at: http://mlflow:5000/#/experiments/1.
[2025-10-05T03:40:47.161+0000] {logging_mixin.py:190} INFO - 
==================================================
[2025-10-05T03:40:47.161+0000] {logging_mixin.py:190} INFO - Modelo: GradientBoosting
[2025-10-05T03:40:47.161+0000] {logging_mixin.py:190} INFO - ==================================================
[2025-10-05T03:40:47.236+0000] {warnings.py:110} WARNING - /home/airflow/.local/lib/python3.11/site-packages/joblib/parallel.py:1379: UserWarning: Loky-backed parallel loops cannot be called in a multiprocessing, setting n_jobs=1
  n_jobs = self._backend.configure(

[2025-10-05T03:40:47.236+0000] {logging_mixin.py:190} INFO - Fitting 3 folds for each of 8 candidates, totalling 24 fits
