[2025-10-05T08:54:17.276+0000] {local_task_job_runner.py:123} INFO - ::group::Pre task execution logs
[2025-10-05T08:54:17.287+0000] {taskinstance.py:2612} INFO - Dependencies all met for dep_context=non-requeueable deps ti=<TaskInstance: forest_cover_mlops_pipeline.load_accumulated_data scheduled__2025-10-05T08:45:00+00:00 [queued]>
[2025-10-05T08:54:17.291+0000] {taskinstance.py:2612} INFO - Dependencies all met for dep_context=requeueable deps ti=<TaskInstance: forest_cover_mlops_pipeline.load_accumulated_data scheduled__2025-10-05T08:45:00+00:00 [queued]>
[2025-10-05T08:54:17.291+0000] {taskinstance.py:2865} INFO - Starting attempt 1 of 3
[2025-10-05T08:54:17.297+0000] {taskinstance.py:2888} INFO - Executing <Task(_PythonDecoratedOperator): load_accumulated_data> on 2025-10-05 08:45:00+00:00
[2025-10-05T08:54:17.303+0000] {standard_task_runner.py:72} INFO - Started process 5254 to run task
[2025-10-05T08:54:17.306+0000] {standard_task_runner.py:104} INFO - Running: ['airflow', 'tasks', 'run', 'forest_cover_mlops_pipeline', 'load_accumulated_data', 'scheduled__2025-10-05T08:45:00+00:00', '--job-id', '98', '--raw', '--subdir', 'DAGS_FOLDER/forest_cover_dag.py', '--cfg-path', '/home/airflow/tmp/tmp1lsz896m']
[2025-10-05T08:54:17.308+0000] {standard_task_runner.py:105} INFO - Job 98: Subtask load_accumulated_data
[2025-10-05T08:54:17.373+0000] {task_command.py:467} INFO - Running <TaskInstance: forest_cover_mlops_pipeline.load_accumulated_data scheduled__2025-10-05T08:45:00+00:00 [running]> on host 3702e9b7dcde
[2025-10-05T08:54:17.529+0000] {taskinstance.py:3131} INFO - Exporting env vars: AIRFLOW_CTX_DAG_OWNER='mlops-team' AIRFLOW_CTX_DAG_ID='forest_cover_mlops_pipeline' AIRFLOW_CTX_TASK_ID='load_accumulated_data' AIRFLOW_CTX_EXECUTION_DATE='2025-10-05T08:45:00+00:00' AIRFLOW_CTX_TRY_NUMBER='1' AIRFLOW_CTX_DAG_RUN_ID='scheduled__2025-10-05T08:45:00+00:00'
[2025-10-05T08:54:17.529+0000] {taskinstance.py:731} INFO - ::endgroup::
[2025-10-05T08:54:17.910+0000] {logging_mixin.py:190} INFO - ✓ Datos acumulados cargados desde PostgreSQL
[2025-10-05T08:54:17.910+0000] {logging_mixin.py:190} INFO -   - Batches únicos cargados: [1, 2, 3, 4, 5, 6, 7, 8]
[2025-10-05T08:54:17.910+0000] {logging_mixin.py:190} INFO -   - Total de registros: 52290
[2025-10-05T08:54:17.910+0000] {logging_mixin.py:190} INFO -   - Forma del DataFrame: (52290, 13)
[2025-10-05T08:54:17.910+0000] {logging_mixin.py:190} INFO -   - Columnas: ['Elevation', 'Aspect', 'Slope', 'Horizontal_Distance_To_Hydrology', 'Vertical_Distance_To_Hydrology', 'Horizontal_Distance_To_Roadways', 'Hillshade_9am', 'Hillshade_Noon', 'Hillshade_3pm', 'Horizontal_Distance_To_Fire_Points', 'Wilderness_Area', 'Soil_Type', 'Cover_Type']
[2025-10-05T08:54:17.914+0000] {python.py:240} INFO - Done. Returned value was:        Elevation  Aspect  Slope  ...  Wilderness_Area  Soil_Type  Cover_Type
0           3342     328     16  ...            Rawah      C7745           0
1           3238      96     13  ...        Commanche      C7755           6
2           2837     268      6  ...        Commanche      C4703           1
3           2607       5     20  ...        Commanche      C4703           5
4           2846     349     14  ...        Commanche      C4704           1
...          ...     ...    ...  ...              ...        ...         ...
52285       3027      69     14  ...        Commanche      C7202           0
52286       3000      59      6  ...        Commanche      C7756           1
52287       3056      60     26  ...            Rawah      C7746           1
52288       2951     299      9  ...        Commanche      C7756           0
52289       2940     175     18  ...        Commanche      C7757           1

[52290 rows x 13 columns]
[2025-10-05T08:54:18.025+0000] {taskinstance.py:340} INFO - ::group::Post task execution logs
[2025-10-05T08:54:18.026+0000] {taskinstance.py:352} INFO - Marking task as SUCCESS. dag_id=forest_cover_mlops_pipeline, task_id=load_accumulated_data, run_id=scheduled__2025-10-05T08:45:00+00:00, execution_date=20251005T084500, start_date=20251005T085417, end_date=20251005T085418
[2025-10-05T08:54:18.079+0000] {local_task_job_runner.py:266} INFO - Task exited with return code 0
[2025-10-05T08:54:18.143+0000] {taskinstance.py:3900} INFO - 1 downstream tasks scheduled from follow-on schedule check
[2025-10-05T08:54:18.145+0000] {local_task_job_runner.py:245} INFO - ::endgroup::
