[2025-10-05T08:13:09.526+0000] {local_task_job_runner.py:123} INFO - ::group::Pre task execution logs
[2025-10-05T08:13:09.542+0000] {taskinstance.py:2612} INFO - Dependencies all met for dep_context=non-requeueable deps ti=<TaskInstance: forest_cover_mlops_pipeline.load_accumulated_data scheduled__2025-10-05T08:05:00+00:00 [queued]>
[2025-10-05T08:13:09.549+0000] {taskinstance.py:2612} INFO - Dependencies all met for dep_context=requeueable deps ti=<TaskInstance: forest_cover_mlops_pipeline.load_accumulated_data scheduled__2025-10-05T08:05:00+00:00 [queued]>
[2025-10-05T08:13:09.550+0000] {taskinstance.py:2865} INFO - Starting attempt 1 of 3
[2025-10-05T08:13:09.566+0000] {taskinstance.py:2888} INFO - Executing <Task(_PythonDecoratedOperator): load_accumulated_data> on 2025-10-05 08:05:00+00:00
[2025-10-05T08:13:09.582+0000] {standard_task_runner.py:72} INFO - Started process 2624 to run task
[2025-10-05T08:13:09.586+0000] {standard_task_runner.py:104} INFO - Running: ['airflow', 'tasks', 'run', 'forest_cover_mlops_pipeline', 'load_accumulated_data', 'scheduled__2025-10-05T08:05:00+00:00', '--job-id', '74', '--raw', '--subdir', 'DAGS_FOLDER/forest_cover_dag.py', '--cfg-path', '/home/airflow/tmp/tmpe765uxfg']
[2025-10-05T08:13:09.588+0000] {standard_task_runner.py:105} INFO - Job 74: Subtask load_accumulated_data
[2025-10-05T08:13:09.622+0000] {task_command.py:467} INFO - Running <TaskInstance: forest_cover_mlops_pipeline.load_accumulated_data scheduled__2025-10-05T08:05:00+00:00 [running]> on host 3702e9b7dcde
[2025-10-05T08:13:09.743+0000] {taskinstance.py:3131} INFO - Exporting env vars: AIRFLOW_CTX_DAG_OWNER='mlops-team' AIRFLOW_CTX_DAG_ID='forest_cover_mlops_pipeline' AIRFLOW_CTX_TASK_ID='load_accumulated_data' AIRFLOW_CTX_EXECUTION_DATE='2025-10-05T08:05:00+00:00' AIRFLOW_CTX_TRY_NUMBER='1' AIRFLOW_CTX_DAG_RUN_ID='scheduled__2025-10-05T08:05:00+00:00'
[2025-10-05T08:13:09.744+0000] {taskinstance.py:731} INFO - ::endgroup::
[2025-10-05T08:13:10.025+0000] {logging_mixin.py:190} INFO - ✓ Datos acumulados cargados desde PostgreSQL
[2025-10-05T08:13:10.025+0000] {logging_mixin.py:190} INFO -   - Batches únicos cargados: [1, 2, 3, 4]
[2025-10-05T08:13:10.025+0000] {logging_mixin.py:190} INFO -   - Total de registros: 29050
[2025-10-05T08:13:10.025+0000] {logging_mixin.py:190} INFO -   - Forma del DataFrame: (29050, 13)
[2025-10-05T08:13:10.025+0000] {logging_mixin.py:190} INFO -   - Columnas: ['Elevation', 'Aspect', 'Slope', 'Horizontal_Distance_To_Hydrology', 'Vertical_Distance_To_Hydrology', 'Horizontal_Distance_To_Roadways', 'Hillshade_9am', 'Hillshade_Noon', 'Hillshade_3pm', 'Horizontal_Distance_To_Fire_Points', 'Wilderness_Area', 'Soil_Type', 'Cover_Type']
[2025-10-05T08:13:10.027+0000] {python.py:240} INFO - Done. Returned value was:        Elevation  Aspect  Slope  ...  Wilderness_Area  Soil_Type  Cover_Type
0           3342     328     16  ...            Rawah      C7745           0
1           3238      96     13  ...        Commanche      C7755           6
2           2837     268      6  ...        Commanche      C4703           1
3           2607       5     20  ...        Commanche      C4703           5
4           2846     349     14  ...        Commanche      C4704           1
...          ...     ...    ...  ...              ...        ...         ...
29045       2545      25      9  ...            Cache      C2717           1
29046       3092     197      6  ...        Commanche      C7756           1
29047       3042     128     14  ...        Commanche      C7202           1
29048       3124      20     13  ...            Rawah      C7202           0
29049       3063     304      7  ...        Commanche      C7756           1

[29050 rows x 13 columns]
[2025-10-05T08:13:10.103+0000] {taskinstance.py:340} INFO - ::group::Post task execution logs
[2025-10-05T08:13:10.104+0000] {taskinstance.py:352} INFO - Marking task as SUCCESS. dag_id=forest_cover_mlops_pipeline, task_id=load_accumulated_data, run_id=scheduled__2025-10-05T08:05:00+00:00, execution_date=20251005T080500, start_date=20251005T081309, end_date=20251005T081310
[2025-10-05T08:13:10.160+0000] {local_task_job_runner.py:266} INFO - Task exited with return code 0
[2025-10-05T08:13:10.203+0000] {taskinstance.py:3900} INFO - 1 downstream tasks scheduled from follow-on schedule check
[2025-10-05T08:13:10.204+0000] {local_task_job_runner.py:245} INFO - ::endgroup::
