[2025-10-05T08:21:12.297+0000] {local_task_job_runner.py:123} INFO - ::group::Pre task execution logs
[2025-10-05T08:21:12.308+0000] {taskinstance.py:2612} INFO - Dependencies all met for dep_context=non-requeueable deps ti=<TaskInstance: forest_cover_mlops_pipeline.load_accumulated_data scheduled__2025-10-05T08:15:00+00:00 [queued]>
[2025-10-05T08:21:12.313+0000] {taskinstance.py:2612} INFO - Dependencies all met for dep_context=requeueable deps ti=<TaskInstance: forest_cover_mlops_pipeline.load_accumulated_data scheduled__2025-10-05T08:15:00+00:00 [queued]>
[2025-10-05T08:21:12.313+0000] {taskinstance.py:2865} INFO - Starting attempt 1 of 3
[2025-10-05T08:21:12.322+0000] {taskinstance.py:2888} INFO - Executing <Task(_PythonDecoratedOperator): load_accumulated_data> on 2025-10-05 08:15:00+00:00
[2025-10-05T08:21:12.331+0000] {standard_task_runner.py:72} INFO - Started process 3247 to run task
[2025-10-05T08:21:12.334+0000] {standard_task_runner.py:104} INFO - Running: ['airflow', 'tasks', 'run', 'forest_cover_mlops_pipeline', 'load_accumulated_data', 'scheduled__2025-10-05T08:15:00+00:00', '--job-id', '80', '--raw', '--subdir', 'DAGS_FOLDER/forest_cover_dag.py', '--cfg-path', '/home/airflow/tmp/tmpf289plkl']
[2025-10-05T08:21:12.336+0000] {standard_task_runner.py:105} INFO - Job 80: Subtask load_accumulated_data
[2025-10-05T08:21:12.415+0000] {task_command.py:467} INFO - Running <TaskInstance: forest_cover_mlops_pipeline.load_accumulated_data scheduled__2025-10-05T08:15:00+00:00 [running]> on host 3702e9b7dcde
[2025-10-05T08:21:12.514+0000] {taskinstance.py:3131} INFO - Exporting env vars: AIRFLOW_CTX_DAG_OWNER='mlops-team' AIRFLOW_CTX_DAG_ID='forest_cover_mlops_pipeline' AIRFLOW_CTX_TASK_ID='load_accumulated_data' AIRFLOW_CTX_EXECUTION_DATE='2025-10-05T08:15:00+00:00' AIRFLOW_CTX_TRY_NUMBER='1' AIRFLOW_CTX_DAG_RUN_ID='scheduled__2025-10-05T08:15:00+00:00'
[2025-10-05T08:21:12.515+0000] {taskinstance.py:731} INFO - ::endgroup::
[2025-10-05T08:21:12.815+0000] {logging_mixin.py:190} INFO - ✓ Datos acumulados cargados desde PostgreSQL
[2025-10-05T08:21:12.815+0000] {logging_mixin.py:190} INFO -   - Batches únicos cargados: [1, 2, 3, 4, 5]
[2025-10-05T08:21:12.815+0000] {logging_mixin.py:190} INFO -   - Total de registros: 34860
[2025-10-05T08:21:12.815+0000] {logging_mixin.py:190} INFO -   - Forma del DataFrame: (34860, 13)
[2025-10-05T08:21:12.815+0000] {logging_mixin.py:190} INFO -   - Columnas: ['Elevation', 'Aspect', 'Slope', 'Horizontal_Distance_To_Hydrology', 'Vertical_Distance_To_Hydrology', 'Horizontal_Distance_To_Roadways', 'Hillshade_9am', 'Hillshade_Noon', 'Hillshade_3pm', 'Horizontal_Distance_To_Fire_Points', 'Wilderness_Area', 'Soil_Type', 'Cover_Type']
[2025-10-05T08:21:12.817+0000] {python.py:240} INFO - Done. Returned value was:        Elevation  Aspect  Slope  ...  Wilderness_Area  Soil_Type  Cover_Type
0           3342     328     16  ...            Rawah      C7745           0
1           3238      96     13  ...        Commanche      C7755           6
2           2837     268      6  ...        Commanche      C4703           1
3           2607       5     20  ...        Commanche      C4703           5
4           2846     349     14  ...        Commanche      C4704           1
...          ...     ...    ...  ...              ...        ...         ...
34855       2727      34     16  ...        Commanche      C4704           1
34856       2788     198     27  ...        Commanche      C2705           4
34857       2768      83      9  ...        Commanche      C7755           1
34858       2725      22      8  ...        Commanche      C6102           4
34859       3026      88      8  ...        Commanche      C7202           0

[34860 rows x 13 columns]
[2025-10-05T08:21:12.911+0000] {taskinstance.py:340} INFO - ::group::Post task execution logs
[2025-10-05T08:21:12.911+0000] {taskinstance.py:352} INFO - Marking task as SUCCESS. dag_id=forest_cover_mlops_pipeline, task_id=load_accumulated_data, run_id=scheduled__2025-10-05T08:15:00+00:00, execution_date=20251005T081500, start_date=20251005T082112, end_date=20251005T082112
[2025-10-05T08:21:12.948+0000] {local_task_job_runner.py:266} INFO - Task exited with return code 0
[2025-10-05T08:21:12.964+0000] {taskinstance.py:3900} INFO - 1 downstream tasks scheduled from follow-on schedule check
[2025-10-05T08:21:12.965+0000] {local_task_job_runner.py:245} INFO - ::endgroup::
