[2025-10-05T07:57:03.317+0000] {local_task_job_runner.py:123} INFO - ::group::Pre task execution logs
[2025-10-05T07:57:03.330+0000] {taskinstance.py:2612} INFO - Dependencies all met for dep_context=non-requeueable deps ti=<TaskInstance: forest_cover_mlops_pipeline.log_pipeline_summary scheduled__2025-10-05T07:30:00+00:00 [queued]>
[2025-10-05T07:57:03.334+0000] {taskinstance.py:2612} INFO - Dependencies all met for dep_context=requeueable deps ti=<TaskInstance: forest_cover_mlops_pipeline.log_pipeline_summary scheduled__2025-10-05T07:30:00+00:00 [queued]>
[2025-10-05T07:57:03.335+0000] {taskinstance.py:2865} INFO - Starting attempt 1 of 3
[2025-10-05T07:57:03.343+0000] {taskinstance.py:2888} INFO - Executing <Task(_PythonDecoratedOperator): log_pipeline_summary> on 2025-10-05 07:30:00+00:00
[2025-10-05T07:57:03.349+0000] {standard_task_runner.py:72} INFO - Started process 744 to run task
[2025-10-05T07:57:03.352+0000] {standard_task_runner.py:104} INFO - Running: ['airflow', 'tasks', 'run', 'forest_cover_mlops_pipeline', 'log_pipeline_summary', 'scheduled__2025-10-05T07:30:00+00:00', '--job-id', '53', '--raw', '--subdir', 'DAGS_FOLDER/forest_cover_dag.py', '--cfg-path', '/home/airflow/tmp/tmpso23xf0_']
[2025-10-05T07:57:03.353+0000] {standard_task_runner.py:105} INFO - Job 53: Subtask log_pipeline_summary
[2025-10-05T07:57:03.387+0000] {task_command.py:467} INFO - Running <TaskInstance: forest_cover_mlops_pipeline.log_pipeline_summary scheduled__2025-10-05T07:30:00+00:00 [running]> on host 3702e9b7dcde
[2025-10-05T07:57:03.478+0000] {taskinstance.py:3131} INFO - Exporting env vars: AIRFLOW_CTX_DAG_OWNER='mlops-team' AIRFLOW_CTX_DAG_ID='forest_cover_mlops_pipeline' AIRFLOW_CTX_TASK_ID='log_pipeline_summary' AIRFLOW_CTX_EXECUTION_DATE='2025-10-05T07:30:00+00:00' AIRFLOW_CTX_TRY_NUMBER='1' AIRFLOW_CTX_DAG_RUN_ID='scheduled__2025-10-05T07:30:00+00:00'
[2025-10-05T07:57:03.479+0000] {taskinstance.py:731} INFO - ::endgroup::
[2025-10-05T07:57:03.480+0000] {logging_mixin.py:190} INFO - 
======================================================================
[2025-10-05T07:57:03.480+0000] {logging_mixin.py:190} INFO - RESUMEN DEL PIPELINE DE MLOPS
[2025-10-05T07:57:03.480+0000] {logging_mixin.py:190} INFO - ======================================================================
[2025-10-05T07:57:03.480+0000] {logging_mixin.py:190} INFO - Batch procesado: #1
[2025-10-05T07:57:03.480+0000] {logging_mixin.py:190} INFO - Total de batches acumulados: 1/10
[2025-10-05T07:57:03.480+0000] {logging_mixin.py:190} INFO - Total de registros: 5810
[2025-10-05T07:57:03.480+0000] {logging_mixin.py:190} INFO - 
Mejor modelo: RandomForest
[2025-10-05T07:57:03.480+0000] {logging_mixin.py:190} INFO - Accuracy: 0.9088
[2025-10-05T07:57:03.481+0000] {logging_mixin.py:190} INFO - 
MLflow Tracking URI: http://mlflow:5000
[2025-10-05T07:57:03.481+0000] {logging_mixin.py:190} INFO - Experimento: forest_cover_classification
[2025-10-05T07:57:03.481+0000] {logging_mixin.py:190} INFO - ======================================================================
[2025-10-05T07:57:03.481+0000] {logging_mixin.py:190} INFO - ✓ Pipeline ejecutado exitosamente
[2025-10-05T07:57:03.481+0000] {logging_mixin.py:190} INFO - ======================================================================
[2025-10-05T07:57:03.481+0000] {python.py:240} INFO - Done. Returned value was: None
[2025-10-05T07:57:03.492+0000] {taskinstance.py:340} INFO - ::group::Post task execution logs
[2025-10-05T07:57:03.492+0000] {taskinstance.py:352} INFO - Marking task as SUCCESS. dag_id=forest_cover_mlops_pipeline, task_id=log_pipeline_summary, run_id=scheduled__2025-10-05T07:30:00+00:00, execution_date=20251005T073000, start_date=20251005T075703, end_date=20251005T075703
[2025-10-05T07:57:03.523+0000] {local_task_job_runner.py:266} INFO - Task exited with return code 0
[2025-10-05T07:57:03.558+0000] {taskinstance.py:3900} INFO - 0 downstream tasks scheduled from follow-on schedule check
[2025-10-05T07:57:03.559+0000] {local_task_job_runner.py:245} INFO - ::endgroup::
