[2025-10-05T01:43:15.249+0000] {local_task_job_runner.py:123} INFO - ::group::Pre task execution logs
[2025-10-05T01:43:15.265+0000] {taskinstance.py:2612} INFO - Dependencies all met for dep_context=non-requeueable deps ti=<TaskInstance: forest_cover_mlops_pipeline.load_accumulated_data manual__2025-10-05T01:43:10.960481+00:00 [queued]>
[2025-10-05T01:43:15.270+0000] {taskinstance.py:2612} INFO - Dependencies all met for dep_context=requeueable deps ti=<TaskInstance: forest_cover_mlops_pipeline.load_accumulated_data manual__2025-10-05T01:43:10.960481+00:00 [queued]>
[2025-10-05T01:43:15.270+0000] {taskinstance.py:2865} INFO - Starting attempt 1 of 3
[2025-10-05T01:43:15.279+0000] {taskinstance.py:2888} INFO - Executing <Task(_PythonDecoratedOperator): load_accumulated_data> on 2025-10-05 01:43:10.960481+00:00
[2025-10-05T01:43:15.287+0000] {standard_task_runner.py:72} INFO - Started process 1030 to run task
[2025-10-05T01:43:15.290+0000] {standard_task_runner.py:104} INFO - Running: ['airflow', 'tasks', 'run', 'forest_cover_mlops_pipeline', 'load_accumulated_data', 'manual__2025-10-05T01:43:10.960481+00:00', '--job-id', '11', '--raw', '--subdir', 'DAGS_FOLDER/forest_cover_dag.py', '--cfg-path', '/home/airflow/tmp/tmpiqktgyak']
[2025-10-05T01:43:15.292+0000] {standard_task_runner.py:105} INFO - Job 11: Subtask load_accumulated_data
[2025-10-05T01:43:15.350+0000] {task_command.py:467} INFO - Running <TaskInstance: forest_cover_mlops_pipeline.load_accumulated_data manual__2025-10-05T01:43:10.960481+00:00 [running]> on host 251551b582e0
[2025-10-05T01:43:15.473+0000] {taskinstance.py:3131} INFO - Exporting env vars: AIRFLOW_CTX_DAG_OWNER='mlops-team-5' AIRFLOW_CTX_DAG_ID='forest_cover_mlops_pipeline' AIRFLOW_CTX_TASK_ID='load_accumulated_data' AIRFLOW_CTX_EXECUTION_DATE='2025-10-05T01:43:10.960481+00:00' AIRFLOW_CTX_TRY_NUMBER='1' AIRFLOW_CTX_DAG_RUN_ID='manual__2025-10-05T01:43:10.960481+00:00'
[2025-10-05T01:43:15.475+0000] {taskinstance.py:731} INFO - ::endgroup::
[2025-10-05T01:43:15.553+0000] {logging_mixin.py:190} INFO - ✓ Datos acumulados cargados desde PostgreSQL
[2025-10-05T01:43:15.554+0000] {logging_mixin.py:190} INFO -   - Batches únicos cargados: [3, 4]
[2025-10-05T01:43:15.554+0000] {logging_mixin.py:190} INFO -   - Total de registros: 11620
[2025-10-05T01:43:15.554+0000] {logging_mixin.py:190} INFO -   - Forma del DataFrame: (11620, 13)
[2025-10-05T01:43:15.554+0000] {logging_mixin.py:190} INFO -   - Columnas: ['Elevation', 'Aspect', 'Slope', 'Horizontal_Distance_To_Hydrology', 'Vertical_Distance_To_Hydrology', 'Horizontal_Distance_To_Roadways', 'Hillshade_9am', 'Hillshade_Noon', 'Hillshade_3pm', 'Horizontal_Distance_To_Fire_Points', 'Wilderness_Area', 'Soil_Type', 'Cover_Type']
[2025-10-05T01:43:15.555+0000] {python.py:240} INFO - Done. Returned value was:        Elevation  Aspect  Slope  ...  Wilderness_Area  Soil_Type  Cover_Type
0           2884      47     10  ...        Commanche      C4704           1
1           3152     356     15  ...        Commanche      C7202           0
2           3233     304     28  ...            Rawah      C7745           0
3           2851     123     12  ...        Commanche      C7755           1
4           2857      37     14  ...        Commanche      C4704           1
...          ...     ...    ...  ...              ...        ...         ...
11615       2664     204     11  ...        Commanche      C2705           0
11616       2860      23     16  ...        Commanche      C4704           1
11617       2986      58     18  ...        Commanche      C7102           0
11618       2908      61     13  ...        Commanche      C7202           0
11619       2804      94     10  ...        Commanche      C4704           1

[11620 rows x 13 columns]
[2025-10-05T01:43:15.618+0000] {taskinstance.py:340} INFO - ::group::Post task execution logs
[2025-10-05T01:43:15.619+0000] {taskinstance.py:352} INFO - Marking task as SUCCESS. dag_id=forest_cover_mlops_pipeline, task_id=load_accumulated_data, run_id=manual__2025-10-05T01:43:10.960481+00:00, execution_date=20251005T014310, start_date=20251005T014315, end_date=20251005T014315
[2025-10-05T01:43:15.662+0000] {local_task_job_runner.py:266} INFO - Task exited with return code 0
[2025-10-05T01:43:15.673+0000] {local_task_job_runner.py:245} INFO - ::endgroup::
