[2025-10-05T09:23:49.695+0000] {local_task_job_runner.py:123} INFO - ::group::Pre task execution logs
[2025-10-05T09:23:49.708+0000] {taskinstance.py:2612} INFO - Dependencies all met for dep_context=non-requeueable deps ti=<TaskInstance: forest_cover_mlops_pipeline.log_pipeline_summary scheduled__2025-10-05T09:00:00+00:00 [queued]>
[2025-10-05T09:23:49.713+0000] {taskinstance.py:2612} INFO - Dependencies all met for dep_context=requeueable deps ti=<TaskInstance: forest_cover_mlops_pipeline.log_pipeline_summary scheduled__2025-10-05T09:00:00+00:00 [queued]>
[2025-10-05T09:23:49.713+0000] {taskinstance.py:2865} INFO - Starting attempt 1 of 3
[2025-10-05T09:23:49.720+0000] {taskinstance.py:2888} INFO - Executing <Task(_PythonDecoratedOperator): log_pipeline_summary> on 2025-10-05 09:00:00+00:00
[2025-10-05T09:23:49.726+0000] {standard_task_runner.py:72} INFO - Started process 6583 to run task
[2025-10-05T09:23:49.728+0000] {standard_task_runner.py:104} INFO - Running: ['airflow', 'tasks', 'run', 'forest_cover_mlops_pipeline', 'log_pipeline_summary', 'scheduled__2025-10-05T09:00:00+00:00', '--job-id', '107', '--raw', '--subdir', 'DAGS_FOLDER/forest_cover_dag.py', '--cfg-path', '/home/airflow/tmp/tmpew4ygzl7']
[2025-10-05T09:23:49.729+0000] {standard_task_runner.py:105} INFO - Job 107: Subtask log_pipeline_summary
[2025-10-05T09:23:49.764+0000] {task_command.py:467} INFO - Running <TaskInstance: forest_cover_mlops_pipeline.log_pipeline_summary scheduled__2025-10-05T09:00:00+00:00 [running]> on host 3702e9b7dcde
[2025-10-05T09:23:49.829+0000] {taskinstance.py:3131} INFO - Exporting env vars: AIRFLOW_CTX_DAG_OWNER='mlops-team' AIRFLOW_CTX_DAG_ID='forest_cover_mlops_pipeline' AIRFLOW_CTX_TASK_ID='log_pipeline_summary' AIRFLOW_CTX_EXECUTION_DATE='2025-10-05T09:00:00+00:00' AIRFLOW_CTX_TRY_NUMBER='1' AIRFLOW_CTX_DAG_RUN_ID='scheduled__2025-10-05T09:00:00+00:00'
[2025-10-05T09:23:49.829+0000] {taskinstance.py:731} INFO - ::endgroup::
[2025-10-05T09:23:49.830+0000] {logging_mixin.py:190} INFO - 
======================================================================
[2025-10-05T09:23:49.831+0000] {logging_mixin.py:190} INFO - RESUMEN DEL PIPELINE DE MLOPS
[2025-10-05T09:23:49.831+0000] {logging_mixin.py:190} INFO - ======================================================================
[2025-10-05T09:23:49.831+0000] {logging_mixin.py:190} INFO - Batch procesado: #9
[2025-10-05T09:23:49.831+0000] {logging_mixin.py:190} INFO - Total de batches acumulados: 9/10
[2025-10-05T09:23:49.831+0000] {logging_mixin.py:190} INFO - Total de registros: 58100
[2025-10-05T09:23:49.831+0000] {logging_mixin.py:190} INFO - 
Mejor modelo: RandomForest
[2025-10-05T09:23:49.831+0000] {logging_mixin.py:190} INFO - Accuracy: 0.9800
[2025-10-05T09:23:49.831+0000] {logging_mixin.py:190} INFO - 
MLflow Tracking URI: http://mlflow:5000
[2025-10-05T09:23:49.831+0000] {logging_mixin.py:190} INFO - Experimento: forest_cover_classification
[2025-10-05T09:23:49.831+0000] {logging_mixin.py:190} INFO - ======================================================================
[2025-10-05T09:23:49.831+0000] {logging_mixin.py:190} INFO - ✓ Pipeline ejecutado exitosamente
[2025-10-05T09:23:49.831+0000] {logging_mixin.py:190} INFO - ======================================================================
[2025-10-05T09:23:49.831+0000] {python.py:240} INFO - Done. Returned value was: None
[2025-10-05T09:23:49.842+0000] {taskinstance.py:340} INFO - ::group::Post task execution logs
[2025-10-05T09:23:49.842+0000] {taskinstance.py:352} INFO - Marking task as SUCCESS. dag_id=forest_cover_mlops_pipeline, task_id=log_pipeline_summary, run_id=scheduled__2025-10-05T09:00:00+00:00, execution_date=20251005T090000, start_date=20251005T092349, end_date=20251005T092349
[2025-10-05T09:23:49.860+0000] {local_task_job_runner.py:266} INFO - Task exited with return code 0
[2025-10-05T09:23:49.878+0000] {taskinstance.py:3900} INFO - 0 downstream tasks scheduled from follow-on schedule check
[2025-10-05T09:23:49.879+0000] {local_task_job_runner.py:245} INFO - ::endgroup::
