2025-08-07 11:49:46,525 - __main__ - INFO - Configuración cargada desde config.yaml
2025-08-07 11:49:46,525 - __main__ - INFO - Directorio asegurado: models
2025-08-07 11:49:46,525 - __main__ - INFO - Directorio asegurado: logs
2025-08-07 11:49:46,525 - __main__ - INFO - Pipeline de ML inicializado
2025-08-07 11:49:46,525 - __main__ - INFO - === INICIANDO PIPELINE DE ENTRENAMIENTO ===
2025-08-07 11:49:46,525 - __main__ - INFO - Inicializando procesador de datos
2025-08-07 11:49:46,525 - __main__ - INFO - Cargando dataset Palmer Penguins
2025-08-07 11:49:46,526 - __main__ - INFO - Dataset cargado: 344 filas, 8 columnas
2025-08-07 11:49:46,528 - __main__ - INFO - Removidas 0 filas sin especie
2025-08-07 11:49:46,529 - __main__ - INFO - Características adicionales creadas: bill_ratio, body_mass_kg, mass_flipper_ratio
2025-08-07 11:49:46,529 - __main__ - INFO - Distribución de especies: {'Adelie': 152, 'Gentoo': 124, 'Chinstrap': 68}
2025-08-07 11:49:46,529 - __main__ - INFO - Características utilizadas: ['bill_length_mm', 'bill_depth_mm', 'flipper_length_mm', 'body_mass_g', 'bill_ratio', 'island', 'sex']
2025-08-07 11:49:46,529 - __main__ - INFO - Shape de datos: X(344, 7), y(344,)
2025-08-07 11:49:46,531 - __main__ - INFO - División train/test: 275 entrenamiento, 69 prueba
2025-08-07 11:49:46,531 - __main__ - INFO - Inicializando entrenador de modelo
2025-08-07 11:49:46,531 - __main__ - INFO - Inicializando procesador de datos
2025-08-07 11:49:46,531 - __main__ - INFO - Pipeline de preprocesamiento creado para 5 características numéricas y 2 categóricas
2025-08-07 11:49:46,531 - __main__ - INFO - Modelo 'logistic' creado exitosamente
2025-08-07 11:49:46,531 - __main__ - INFO - Iniciando optimización de hiperparámetros
2025-08-07 11:49:46,531 - __main__ - INFO - Probando 3 combinaciones de parámetros
2025-08-07 11:49:48,507 - __main__ - INFO - Mejor puntuación: 0.9964
2025-08-07 11:49:48,507 - __main__ - INFO - Mejores parámetros: {'classifier__C': 10.0, 'classifier__penalty': 'l1', 'classifier__solver': 'liblinear'}
2025-08-07 11:49:48,507 - __main__ - INFO - Evaluando modelo en conjunto de prueba
2025-08-07 11:49:48,543 - __main__ - INFO - Accuracy: 0.9855
2025-08-07 11:49:48,543 - __main__ - INFO - CV Score: 1.0000 (+/- 0.0000)
2025-08-07 11:49:48,544 - __main__ - INFO - Modelo guardado en: models/penguin_model_20250807_114948.joblib
2025-08-07 11:49:48,544 - __main__ - INFO - Modelo también guardado como: models/penguin_model_latest.joblib
2025-08-07 11:49:48,544 - __main__ - INFO - Metadatos guardados en: models/penguin_model_20250807_114948_metadata.json
2025-08-07 11:49:48,544 - __main__ - INFO - === PIPELINE COMPLETADO EXITOSAMENTE ===
2025-08-07 12:16:17,769 - __main__ - INFO - Configuración cargada desde config.yaml
2025-08-07 12:16:17,769 - __main__ - INFO - Directorio asegurado: models
2025-08-07 12:16:17,769 - __main__ - INFO - Directorio asegurado: logs
2025-08-07 12:16:17,769 - __main__ - INFO - Pipeline de ML inicializado
2025-08-07 12:16:17,769 - __main__ - INFO - === INICIANDO PIPELINE DE ENTRENAMIENTO ===
2025-08-07 12:16:17,769 - __main__ - INFO - Inicializando procesador de datos
2025-08-07 12:16:17,769 - __main__ - INFO - Cargando dataset Palmer Penguins
2025-08-07 12:16:17,770 - __main__ - INFO - Dataset cargado: 344 filas, 8 columnas
2025-08-07 12:16:17,771 - __main__ - INFO - Removidas 0 filas sin especie
2025-08-07 12:16:17,772 - __main__ - INFO - Características adicionales creadas: bill_ratio, body_mass_kg, mass_flipper_ratio
2025-08-07 12:16:17,772 - __main__ - INFO - Distribución de especies: {'Adelie': 152, 'Gentoo': 124, 'Chinstrap': 68}
2025-08-07 12:16:17,772 - __main__ - INFO - Características utilizadas: ['bill_length_mm', 'bill_depth_mm', 'flipper_length_mm', 'body_mass_g', 'bill_ratio', 'island', 'sex']
2025-08-07 12:16:17,772 - __main__ - INFO - Shape de datos: X(344, 7), y(344,)
2025-08-07 12:16:17,773 - __main__ - INFO - División train/test: 275 entrenamiento, 69 prueba
2025-08-07 12:16:17,773 - __main__ - INFO - Inicializando entrenador de modelo
2025-08-07 12:16:17,773 - __main__ - INFO - Inicializando procesador de datos
2025-08-07 12:16:17,773 - __main__ - INFO - Pipeline de preprocesamiento creado para 5 características numéricas y 2 categóricas
2025-08-07 12:16:17,773 - __main__ - INFO - Modelo 'logistic' creado exitosamente
2025-08-07 12:16:17,773 - __main__ - INFO - Iniciando optimización de hiperparámetros
2025-08-07 12:16:17,773 - __main__ - INFO - Probando 3 combinaciones de parámetros
2025-08-07 12:16:19,650 - __main__ - INFO - Mejor puntuación: 0.9964
2025-08-07 12:16:19,650 - __main__ - INFO - Mejores parámetros: {'classifier__C': 10.0, 'classifier__penalty': 'l1', 'classifier__solver': 'liblinear'}
2025-08-07 12:16:19,650 - __main__ - INFO - Evaluando modelo en conjunto de prueba
2025-08-07 12:16:19,691 - __main__ - INFO - Accuracy: 0.9855
2025-08-07 12:16:19,691 - __main__ - INFO - CV Score: 1.0000 (+/- 0.0000)
2025-08-07 12:16:19,692 - __main__ - INFO - Modelo guardado en: models/penguin_model_20250807_121619.joblib
2025-08-07 12:16:19,693 - __main__ - INFO - Modelo también guardado como: models/penguin_model_latest.joblib
2025-08-07 12:16:19,693 - __main__ - INFO - Metadatos guardados en: models/penguin_model_20250807_121619_metadata.json
2025-08-07 12:16:19,693 - __main__ - INFO - === PIPELINE COMPLETADO EXITOSAMENTE ===
2025-08-07 13:06:30,348 - __main__ - INFO - Configuración cargada desde config.yaml
2025-08-07 13:06:30,348 - __main__ - INFO - Directorio asegurado: models
2025-08-07 13:06:30,348 - __main__ - INFO - Directorio asegurado: logs
2025-08-07 13:06:30,348 - __main__ - INFO - Pipeline de ML inicializado
2025-08-07 13:06:30,348 - __main__ - INFO - === INICIANDO PIPELINE DE ENTRENAMIENTO ===
2025-08-07 13:06:30,348 - __main__ - INFO - Inicializando procesador de datos
2025-08-07 13:06:30,348 - __main__ - INFO - Cargando dataset Palmer Penguins
2025-08-07 13:06:30,349 - __main__ - INFO - Dataset cargado: 344 filas, 8 columnas
2025-08-07 13:06:30,349 - __main__ - INFO - Removidas 0 filas sin especie
2025-08-07 13:06:30,350 - __main__ - INFO - Características adicionales creadas: bill_ratio, body_mass_kg, mass_flipper_ratio
2025-08-07 13:06:30,350 - __main__ - INFO - Distribución de especies: {'Adelie': 152, 'Gentoo': 124, 'Chinstrap': 68}
2025-08-07 13:06:30,351 - __main__ - INFO - Características utilizadas: ['bill_length_mm', 'bill_depth_mm', 'flipper_length_mm', 'body_mass_g', 'bill_ratio', 'island', 'sex']
2025-08-07 13:06:30,351 - __main__ - INFO - Shape de datos: X(344, 7), y(344,)
2025-08-07 13:06:30,352 - __main__ - INFO - División train/test: 275 entrenamiento, 69 prueba
2025-08-07 13:06:30,352 - __main__ - INFO - Inicializando entrenador de modelo
2025-08-07 13:06:30,352 - __main__ - INFO - Inicializando procesador de datos
2025-08-07 13:06:30,352 - __main__ - INFO - Pipeline de preprocesamiento creado para 5 características numéricas y 2 categóricas
2025-08-07 13:06:30,352 - __main__ - INFO - Modelo 'logistic' creado exitosamente
2025-08-07 13:06:30,352 - __main__ - INFO - Iniciando optimización de hiperparámetros
2025-08-07 13:06:30,352 - __main__ - INFO - Probando 3 combinaciones de parámetros
2025-08-07 13:06:32,277 - __main__ - INFO - Mejor puntuación: 0.9964
2025-08-07 13:06:32,277 - __main__ - INFO - Mejores parámetros: {'classifier__C': 10.0, 'classifier__penalty': 'l1', 'classifier__solver': 'liblinear'}
2025-08-07 13:06:32,277 - __main__ - INFO - Evaluando modelo en conjunto de prueba
2025-08-07 13:06:32,316 - __main__ - INFO - Accuracy: 0.9855
2025-08-07 13:06:32,316 - __main__ - INFO - CV Score: 1.0000 (+/- 0.0000)
2025-08-07 13:06:32,317 - __main__ - INFO - Modelo guardado en: models/penguin_model_20250807_130632.joblib
2025-08-07 13:06:32,317 - __main__ - INFO - Configuración del modelo activo guardada en: models/active_model.json
2025-08-07 13:06:32,317 - __main__ - INFO - Modelo activo: penguin_model_20250807_130632.joblib
2025-08-07 13:06:32,318 - __main__ - INFO - Metadatos guardados en: models/penguin_model_20250807_130632_metadata.json
2025-08-07 13:06:32,318 - __main__ - INFO - === PIPELINE COMPLETADO EXITOSAMENTE ===
2025-08-07 13:08:39,379 - __main__ - INFO - Configuración cargada desde config.yaml
2025-08-07 13:08:39,379 - __main__ - INFO - Directorio asegurado: models
2025-08-07 13:08:39,379 - __main__ - INFO - Directorio asegurado: logs
2025-08-07 13:08:39,379 - __main__ - INFO - Pipeline de ML inicializado
2025-08-07 13:08:39,379 - __main__ - INFO - === INICIANDO PIPELINE DE ENTRENAMIENTO ===
2025-08-07 13:08:39,379 - __main__ - INFO - Inicializando procesador de datos
2025-08-07 13:08:39,379 - __main__ - INFO - Cargando dataset Palmer Penguins
2025-08-07 13:08:39,380 - __main__ - INFO - Dataset cargado: 344 filas, 8 columnas
2025-08-07 13:08:39,381 - __main__ - INFO - Removidas 0 filas sin especie
2025-08-07 13:08:39,382 - __main__ - INFO - Características adicionales creadas: bill_ratio, body_mass_kg, mass_flipper_ratio
2025-08-07 13:08:39,382 - __main__ - INFO - Distribución de especies: {'Adelie': 152, 'Gentoo': 124, 'Chinstrap': 68}
2025-08-07 13:08:39,382 - __main__ - INFO - Características utilizadas: ['bill_length_mm', 'bill_depth_mm', 'flipper_length_mm', 'body_mass_g', 'bill_ratio', 'island', 'sex']
2025-08-07 13:08:39,382 - __main__ - INFO - Shape de datos: X(344, 7), y(344,)
2025-08-07 13:08:39,383 - __main__ - INFO - División train/test: 275 entrenamiento, 69 prueba
2025-08-07 13:08:39,383 - __main__ - INFO - Inicializando entrenador de modelo
2025-08-07 13:08:39,383 - __main__ - INFO - Inicializando procesador de datos
2025-08-07 13:08:39,383 - __main__ - INFO - Pipeline de preprocesamiento creado para 5 características numéricas y 2 categóricas
2025-08-07 13:08:39,383 - __main__ - INFO - Modelo 'logistic' creado exitosamente
2025-08-07 13:08:39,383 - __main__ - INFO - Iniciando optimización de hiperparámetros
2025-08-07 13:08:39,383 - __main__ - INFO - Probando 3 combinaciones de parámetros
2025-08-07 13:08:41,285 - __main__ - INFO - Mejor puntuación: 0.9964
2025-08-07 13:08:41,285 - __main__ - INFO - Mejores parámetros: {'classifier__C': 10.0, 'classifier__penalty': 'l1', 'classifier__solver': 'liblinear'}
2025-08-07 13:08:41,285 - __main__ - INFO - Evaluando modelo en conjunto de prueba
2025-08-07 13:08:41,329 - __main__ - INFO - Accuracy: 0.9855
2025-08-07 13:08:41,329 - __main__ - INFO - CV Score: 1.0000 (+/- 0.0000)
2025-08-07 13:08:41,330 - __main__ - INFO - Modelo guardado en: models/penguin_model_20250807_130841.joblib
2025-08-07 13:08:41,330 - __main__ - INFO - Configuración del modelo activo guardada en: models/active_model.json
2025-08-07 13:08:41,330 - __main__ - INFO - Modelo activo: penguin_model_20250807_130841.joblib
2025-08-07 13:08:41,330 - __main__ - INFO - Metadatos guardados en: models/penguin_model_20250807_130841_metadata.json
2025-08-07 13:08:41,330 - __main__ - INFO - === PIPELINE COMPLETADO EXITOSAMENTE ===
2025-08-07 13:10:53,877 - __main__ - INFO - Configuración cargada desde config.yaml
2025-08-07 13:10:53,877 - __main__ - INFO - Directorio asegurado: models
2025-08-07 13:10:53,877 - __main__ - INFO - Directorio asegurado: logs
2025-08-07 13:10:53,878 - __main__ - INFO - Pipeline de ML inicializado
2025-08-07 13:10:53,878 - __main__ - INFO - === INICIANDO PIPELINE DE ENTRENAMIENTO ===
2025-08-07 13:10:53,878 - __main__ - INFO - Inicializando procesador de datos
2025-08-07 13:10:53,878 - __main__ - INFO - Cargando dataset Palmer Penguins
2025-08-07 13:10:53,879 - __main__ - INFO - Dataset cargado: 344 filas, 8 columnas
2025-08-07 13:10:53,879 - __main__ - INFO - Removidas 0 filas sin especie
2025-08-07 13:10:53,880 - __main__ - INFO - Características adicionales creadas: bill_ratio, body_mass_kg, mass_flipper_ratio
2025-08-07 13:10:53,880 - __main__ - INFO - Distribución de especies: {'Adelie': 152, 'Gentoo': 124, 'Chinstrap': 68}
2025-08-07 13:10:53,880 - __main__ - INFO - Características utilizadas: ['bill_length_mm', 'bill_depth_mm', 'flipper_length_mm', 'body_mass_g', 'bill_ratio', 'island', 'sex']
2025-08-07 13:10:53,880 - __main__ - INFO - Shape de datos: X(344, 7), y(344,)
2025-08-07 13:10:53,881 - __main__ - INFO - División train/test: 275 entrenamiento, 69 prueba
2025-08-07 13:10:53,881 - __main__ - INFO - Inicializando entrenador de modelo
2025-08-07 13:10:53,881 - __main__ - INFO - Inicializando procesador de datos
2025-08-07 13:10:53,881 - __main__ - INFO - Pipeline de preprocesamiento creado para 5 características numéricas y 2 categóricas
2025-08-07 13:10:53,882 - __main__ - INFO - Modelo 'logistic' creado exitosamente
2025-08-07 13:10:53,882 - __main__ - INFO - Iniciando optimización de hiperparámetros
2025-08-07 13:10:53,882 - __main__ - INFO - Probando 3 combinaciones de parámetros
2025-08-07 13:10:55,821 - __main__ - INFO - Mejor puntuación: 0.9964
2025-08-07 13:10:55,822 - __main__ - INFO - Mejores parámetros: {'classifier__C': 10.0, 'classifier__penalty': 'l1', 'classifier__solver': 'liblinear'}
2025-08-07 13:10:55,822 - __main__ - INFO - Evaluando modelo en conjunto de prueba
2025-08-07 13:10:55,860 - __main__ - INFO - Accuracy: 0.9855
2025-08-07 13:10:55,860 - __main__ - INFO - CV Score: 1.0000 (+/- 0.0000)
2025-08-07 13:10:55,861 - __main__ - INFO - Modelo guardado en: models/penguin_model_20250807_131055.joblib
2025-08-07 13:10:55,861 - __main__ - INFO - Configuración del modelo activo guardada en: models/active_model.json
2025-08-07 13:10:55,861 - __main__ - INFO - Modelo activo: penguin_model_20250807_131055.joblib
2025-08-07 13:10:55,862 - __main__ - INFO - Metadatos guardados en: models/penguin_model_20250807_131055_metadata.json
2025-08-07 13:10:55,862 - __main__ - INFO - === PIPELINE COMPLETADO EXITOSAMENTE ===
2025-08-07 13:51:50,088 - __main__ - INFO - Configuración cargada desde config.yaml
2025-08-07 13:51:50,088 - __main__ - INFO - Directorio asegurado: models
2025-08-07 13:51:50,088 - __main__ - INFO - Directorio asegurado: logs
2025-08-07 13:51:50,088 - __main__ - INFO - Pipeline de ML inicializado
2025-08-07 13:51:50,088 - __main__ - INFO - === INICIANDO PIPELINE DE ENTRENAMIENTO ===
2025-08-07 13:51:50,088 - __main__ - INFO - Inicializando procesador de datos
2025-08-07 13:51:50,088 - __main__ - INFO - Cargando dataset Palmer Penguins
2025-08-07 13:51:50,089 - __main__ - INFO - Dataset cargado: 344 filas, 8 columnas
2025-08-07 13:51:50,090 - __main__ - INFO - Removidas 0 filas sin especie
2025-08-07 13:51:50,090 - __main__ - INFO - Características adicionales creadas: bill_ratio, body_mass_kg, mass_flipper_ratio
2025-08-07 13:51:50,090 - __main__ - INFO - Distribución de especies: {'Adelie': 152, 'Gentoo': 124, 'Chinstrap': 68}
2025-08-07 13:51:50,091 - __main__ - INFO - Características utilizadas: ['bill_length_mm', 'bill_depth_mm', 'flipper_length_mm', 'body_mass_g', 'bill_ratio', 'island', 'sex']
2025-08-07 13:51:50,091 - __main__ - INFO - Shape de datos: X(344, 7), y(344,)
2025-08-07 13:51:50,092 - __main__ - INFO - División train/test: 275 entrenamiento, 69 prueba
2025-08-07 13:51:50,092 - __main__ - INFO - Inicializando entrenador de modelo
2025-08-07 13:51:50,092 - __main__ - INFO - Inicializando procesador de datos
2025-08-07 13:51:50,092 - __main__ - INFO - Pipeline de preprocesamiento creado para 5 características numéricas y 2 categóricas
2025-08-07 13:51:50,092 - __main__ - INFO - Modelo 'logistic' creado exitosamente
2025-08-07 13:51:50,092 - __main__ - INFO - Iniciando optimización de hiperparámetros
2025-08-07 13:51:50,092 - __main__ - INFO - Probando 3 combinaciones de parámetros
2025-08-07 13:51:51,973 - __main__ - INFO - Mejor puntuación: 0.9964
2025-08-07 13:51:51,973 - __main__ - INFO - Mejores parámetros: {'classifier__C': 10.0, 'classifier__penalty': 'l1', 'classifier__solver': 'liblinear'}
2025-08-07 13:51:51,973 - __main__ - INFO - Evaluando modelo en conjunto de prueba
2025-08-07 13:51:52,014 - __main__ - INFO - Accuracy: 0.9855
2025-08-07 13:51:52,014 - __main__ - INFO - CV Score: 1.0000 (+/- 0.0000)
2025-08-07 13:51:52,015 - __main__ - INFO - Modelo guardado en: models/penguin_model_20250807_135152.joblib
2025-08-07 13:51:52,015 - __main__ - INFO - Configuración del modelo activo guardada en: models/active_model.json
2025-08-07 13:51:52,015 - __main__ - INFO - Modelo activo: penguin_model_20250807_135152.joblib
2025-08-07 13:51:52,015 - __main__ - INFO - Metadatos guardados en: models/penguin_model_20250807_135152_metadata.json
2025-08-07 13:51:52,015 - __main__ - INFO - === PIPELINE COMPLETADO EXITOSAMENTE ===
2025-08-07 13:52:16,400 - __main__ - INFO - Configuración cargada desde config.yaml
2025-08-07 13:52:16,400 - __main__ - INFO - Directorio asegurado: models
2025-08-07 13:52:16,400 - __main__ - INFO - Directorio asegurado: logs
2025-08-07 13:52:16,400 - __main__ - INFO - Pipeline de ML inicializado
2025-08-07 13:52:16,400 - __main__ - INFO - === INICIANDO PIPELINE DE ENTRENAMIENTO ===
2025-08-07 13:52:16,400 - __main__ - INFO - Inicializando procesador de datos
2025-08-07 13:52:16,400 - __main__ - INFO - Cargando dataset Palmer Penguins
2025-08-07 13:52:16,401 - __main__ - INFO - Dataset cargado: 344 filas, 8 columnas
2025-08-07 13:52:16,402 - __main__ - INFO - Removidas 0 filas sin especie
2025-08-07 13:52:16,403 - __main__ - INFO - Características adicionales creadas: bill_ratio, body_mass_kg, mass_flipper_ratio
2025-08-07 13:52:16,403 - __main__ - INFO - Distribución de especies: {'Adelie': 152, 'Gentoo': 124, 'Chinstrap': 68}
2025-08-07 13:52:16,403 - __main__ - INFO - Características utilizadas: ['bill_length_mm', 'bill_depth_mm', 'flipper_length_mm', 'body_mass_g', 'bill_ratio', 'island', 'sex']
2025-08-07 13:52:16,403 - __main__ - INFO - Shape de datos: X(344, 7), y(344,)
2025-08-07 13:52:16,404 - __main__ - INFO - División train/test: 275 entrenamiento, 69 prueba
2025-08-07 13:52:16,405 - __main__ - INFO - Inicializando entrenador de modelo
2025-08-07 13:52:16,405 - __main__ - INFO - Inicializando procesador de datos
2025-08-07 13:52:16,405 - __main__ - INFO - Pipeline de preprocesamiento creado para 5 características numéricas y 2 categóricas
2025-08-07 13:52:16,405 - __main__ - INFO - Modelo 'random_forest' creado exitosamente
2025-08-07 13:52:16,405 - __main__ - INFO - Iniciando optimización de hiperparámetros
2025-08-07 13:52:16,405 - __main__ - INFO - Probando 5 combinaciones de parámetros
2025-08-07 13:52:25,945 - __main__ - INFO - Mejor puntuación: 0.9927
2025-08-07 13:52:25,945 - __main__ - INFO - Mejores parámetros: {'classifier__max_depth': 5, 'classifier__max_features': 'sqrt', 'classifier__min_samples_leaf': 1, 'classifier__min_samples_split': 5, 'classifier__n_estimators': 150}
2025-08-07 13:52:25,945 - __main__ - INFO - Evaluando modelo en conjunto de prueba
2025-08-07 13:52:26,287 - __main__ - INFO - Accuracy: 1.0000
2025-08-07 13:52:26,287 - __main__ - INFO - CV Score: 0.9857 (+/- 0.0571)
2025-08-07 13:52:26,303 - __main__ - INFO - Modelo guardado en: models/penguin_model_20250807_135226.joblib
2025-08-07 13:52:26,304 - __main__ - INFO - Configuración del modelo activo guardada en: models/active_model.json
2025-08-07 13:52:26,304 - __main__ - INFO - Modelo activo: penguin_model_20250807_135226.joblib
2025-08-07 13:52:26,304 - __main__ - INFO - Metadatos guardados en: models/penguin_model_20250807_135226_metadata.json
2025-08-07 13:52:26,304 - __main__ - INFO - === PIPELINE COMPLETADO EXITOSAMENTE ===
