[2025-10-05T03:20:26.409+0000] {local_task_job_runner.py:123} INFO - ::group::Pre task execution logs
[2025-10-05T03:20:26.421+0000] {taskinstance.py:2612} INFO - Dependencies all met for dep_context=non-requeueable deps ti=<TaskInstance: forest_cover_mlops_pipeline.load_accumulated_data scheduled__2025-10-05T03:15:00+00:00 [queued]>
[2025-10-05T03:20:26.425+0000] {taskinstance.py:2612} INFO - Dependencies all met for dep_context=requeueable deps ti=<TaskInstance: forest_cover_mlops_pipeline.load_accumulated_data scheduled__2025-10-05T03:15:00+00:00 [queued]>
[2025-10-05T03:20:26.425+0000] {taskinstance.py:2865} INFO - Starting attempt 1 of 3
[2025-10-05T03:20:26.433+0000] {taskinstance.py:2888} INFO - Executing <Task(_PythonDecoratedOperator): load_accumulated_data> on 2025-10-05 03:15:00+00:00
[2025-10-05T03:20:26.442+0000] {standard_task_runner.py:72} INFO - Started process 1628 to run task
[2025-10-05T03:20:26.445+0000] {standard_task_runner.py:104} INFO - Running: ['airflow', 'tasks', 'run', 'forest_cover_mlops_pipeline', 'load_accumulated_data', 'scheduled__2025-10-05T03:15:00+00:00', '--job-id', '24', '--raw', '--subdir', 'DAGS_FOLDER/forest_cover_dag.py', '--cfg-path', '/home/airflow/tmp/tmpbh5mnc10']
[2025-10-05T03:20:26.447+0000] {standard_task_runner.py:105} INFO - Job 24: Subtask load_accumulated_data
[2025-10-05T03:20:26.568+0000] {task_command.py:467} INFO - Running <TaskInstance: forest_cover_mlops_pipeline.load_accumulated_data scheduled__2025-10-05T03:15:00+00:00 [running]> on host 251551b582e0
[2025-10-05T03:20:26.718+0000] {taskinstance.py:3131} INFO - Exporting env vars: AIRFLOW_CTX_DAG_OWNER='mlops-team-5' AIRFLOW_CTX_DAG_ID='forest_cover_mlops_pipeline' AIRFLOW_CTX_TASK_ID='load_accumulated_data' AIRFLOW_CTX_EXECUTION_DATE='2025-10-05T03:15:00+00:00' AIRFLOW_CTX_TRY_NUMBER='1' AIRFLOW_CTX_DAG_RUN_ID='scheduled__2025-10-05T03:15:00+00:00'
[2025-10-05T03:20:26.719+0000] {taskinstance.py:731} INFO - ::endgroup::
[2025-10-05T03:20:26.823+0000] {logging_mixin.py:190} INFO - ✓ Datos acumulados cargados desde PostgreSQL
[2025-10-05T03:20:26.824+0000] {logging_mixin.py:190} INFO -   - Batches únicos cargados: [3, 4, 5, 6]
[2025-10-05T03:20:26.824+0000] {logging_mixin.py:190} INFO -   - Total de registros: 23240
[2025-10-05T03:20:26.824+0000] {logging_mixin.py:190} INFO -   - Forma del DataFrame: (23240, 13)
[2025-10-05T03:20:26.824+0000] {logging_mixin.py:190} INFO -   - Columnas: ['Elevation', 'Aspect', 'Slope', 'Horizontal_Distance_To_Hydrology', 'Vertical_Distance_To_Hydrology', 'Horizontal_Distance_To_Roadways', 'Hillshade_9am', 'Hillshade_Noon', 'Hillshade_3pm', 'Horizontal_Distance_To_Fire_Points', 'Wilderness_Area', 'Soil_Type', 'Cover_Type']
[2025-10-05T03:20:26.825+0000] {python.py:240} INFO - Done. Returned value was:        Elevation  Aspect  Slope  ...  Wilderness_Area  Soil_Type  Cover_Type
0           2884      47     10  ...        Commanche      C4704           1
1           3152     356     15  ...        Commanche      C7202           0
2           3233     304     28  ...            Rawah      C7745           0
3           2851     123     12  ...        Commanche      C7755           1
4           2857      37     14  ...        Commanche      C4704           1
...          ...     ...    ...  ...              ...        ...         ...
23235       2988      77      9  ...        Commanche      C7756           1
23236       2977      11     12  ...        Commanche      C7700           1
23237       2837      11     15  ...        Commanche      C4704           1
23238       2903      64     10  ...        Commanche      C4704           1
23239       2881      65     26  ...            Rawah      C7745           0

[23240 rows x 13 columns]
[2025-10-05T03:20:26.893+0000] {taskinstance.py:340} INFO - ::group::Post task execution logs
[2025-10-05T03:20:26.894+0000] {taskinstance.py:352} INFO - Marking task as SUCCESS. dag_id=forest_cover_mlops_pipeline, task_id=load_accumulated_data, run_id=scheduled__2025-10-05T03:15:00+00:00, execution_date=20251005T031500, start_date=20251005T032026, end_date=20251005T032026
[2025-10-05T03:20:26.939+0000] {local_task_job_runner.py:266} INFO - Task exited with return code 0
[2025-10-05T03:20:26.964+0000] {taskinstance.py:3900} INFO - 1 downstream tasks scheduled from follow-on schedule check
[2025-10-05T03:20:26.966+0000] {local_task_job_runner.py:245} INFO - ::endgroup::
