[2025-10-05T07:57:13.556+0000] {local_task_job_runner.py:123} INFO - ::group::Pre task execution logs
[2025-10-05T07:57:13.568+0000] {taskinstance.py:2612} INFO - Dependencies all met for dep_context=non-requeueable deps ti=<TaskInstance: forest_cover_mlops_pipeline.train_and_log_models manual__2025-10-05T07:55:23.750394+00:00 [queued]>
[2025-10-05T07:57:13.574+0000] {taskinstance.py:2612} INFO - Dependencies all met for dep_context=requeueable deps ti=<TaskInstance: forest_cover_mlops_pipeline.train_and_log_models manual__2025-10-05T07:55:23.750394+00:00 [queued]>
[2025-10-05T07:57:13.574+0000] {taskinstance.py:2865} INFO - Starting attempt 1 of 3
[2025-10-05T07:57:13.582+0000] {taskinstance.py:2888} INFO - Executing <Task(_PythonDecoratedOperator): train_and_log_models> on 2025-10-05 07:55:23.750394+00:00
[2025-10-05T07:57:13.589+0000] {standard_task_runner.py:72} INFO - Started process 943 to run task
[2025-10-05T07:57:13.592+0000] {standard_task_runner.py:104} INFO - Running: ['airflow', 'tasks', 'run', 'forest_cover_mlops_pipeline', 'train_and_log_models', 'manual__2025-10-05T07:55:23.750394+00:00', '--job-id', '58', '--raw', '--subdir', 'DAGS_FOLDER/forest_cover_dag.py', '--cfg-path', '/home/airflow/tmp/tmpngclq0ky']
[2025-10-05T07:57:13.593+0000] {standard_task_runner.py:105} INFO - Job 58: Subtask train_and_log_models
[2025-10-05T07:57:13.655+0000] {task_command.py:467} INFO - Running <TaskInstance: forest_cover_mlops_pipeline.train_and_log_models manual__2025-10-05T07:55:23.750394+00:00 [running]> on host 3702e9b7dcde
[2025-10-05T07:57:13.886+0000] {taskinstance.py:3131} INFO - Exporting env vars: AIRFLOW_CTX_DAG_OWNER='mlops-team' AIRFLOW_CTX_DAG_ID='forest_cover_mlops_pipeline' AIRFLOW_CTX_TASK_ID='train_and_log_models' AIRFLOW_CTX_EXECUTION_DATE='2025-10-05T07:55:23.750394+00:00' AIRFLOW_CTX_TRY_NUMBER='1' AIRFLOW_CTX_DAG_RUN_ID='manual__2025-10-05T07:55:23.750394+00:00'
[2025-10-05T07:57:13.886+0000] {taskinstance.py:731} INFO - ::endgroup::
[2025-10-05T07:57:14.044+0000] {logging_mixin.py:190} INFO - Entrenando 3 modelos con GridSearchCV...
[2025-10-05T07:57:14.045+0000] {logging_mixin.py:190} INFO - 
==================================================
[2025-10-05T07:57:14.045+0000] {logging_mixin.py:190} INFO - Modelo: RandomForest
[2025-10-05T07:57:14.045+0000] {logging_mixin.py:190} INFO - ==================================================
[2025-10-05T07:57:14.066+0000] {logging_mixin.py:190} WARNING - 2025/10/05 07:57:14 WARNING mlflow.utils.git_utils: Failed to import Git (the Git executable is probably not on your PATH), so Git SHA is not available. Error: Failed to initialize: Bad git executable.
The git executable must be specified in one of the following ways:
    - be included in your $PATH
    - be set via $GIT_PYTHON_GIT_EXECUTABLE
    - explicitly set via git.refresh(<full-path-to-git-executable>)

All git commands will error until this is rectified.

This initial message can be silenced or aggravated in the future by setting the
$GIT_PYTHON_REFRESH environment variable. Use one of the following values:
    - quiet|q|silence|s|silent|none|n|0: for no message or exception
    - warn|w|warning|log|l|1: for a warning message (logging level CRITICAL, displayed by default)
    - error|e|exception|raise|r|2: for a raised exception

Example:
    export GIT_PYTHON_REFRESH=quiet
[2025-10-05T07:57:14.141+0000] {warnings.py:110} WARNING - /home/airflow/.local/lib/python3.11/site-packages/joblib/parallel.py:1379: UserWarning: Loky-backed parallel loops cannot be called in a multiprocessing, setting n_jobs=1
  n_jobs = self._backend.configure(

[2025-10-05T07:57:14.142+0000] {logging_mixin.py:190} INFO - Fitting 3 folds for each of 12 candidates, totalling 36 fits
[2025-10-05T07:57:30.317+0000] {logging_mixin.py:190} INFO -   Mejores parámetros: {'classifier__max_depth': 20, 'classifier__min_samples_split': 2, 'classifier__n_estimators': 100}
[2025-10-05T07:57:32.324+0000] {logging_mixin.py:190} INFO -   Train Accuracy: 1.0000
[2025-10-05T07:57:32.324+0000] {logging_mixin.py:190} INFO -   Test Accuracy: 0.9346
[2025-10-05T07:57:32.324+0000] {logging_mixin.py:190} INFO -   Test F1 (weighted): 0.9336
[2025-10-05T07:57:32.324+0000] {logging_mixin.py:190} INFO -   CV Score: 0.9206 (+/- 0.0040)
[2025-10-05T07:57:34.583+0000] {logging_mixin.py:190} WARNING - 2025/10/05 07:57:34 WARNING mlflow.models.model: Model logged without a signature and input example. Please set `input_example` parameter when logging the model to auto infer the model signature.
[2025-10-05T07:57:34.635+0000] {credentials.py:1147} INFO - Found credentials in environment variables.
[2025-10-05T07:57:34.837+0000] {logging_mixin.py:190} WARNING - Registered model 'forest_cover_randomforest' already exists. Creating a new version of this model...
[2025-10-05T07:57:34.854+0000] {logging_mixin.py:190} WARNING - 2025/10/05 07:57:34 INFO mlflow.store.model_registry.abstract_store: Waiting up to 300 seconds for model version to finish creation. Model name: forest_cover_randomforest, version 2
[2025-10-05T07:57:34.854+0000] {logging_mixin.py:190} WARNING - Created version '2' of model 'forest_cover_randomforest'.
[2025-10-05T07:57:34.862+0000] {logging_mixin.py:190} WARNING - 2025/10/05 07:57:34 INFO mlflow.tracking._tracking_service.client: 🏃 View run RandomForest_batch_1 at: http://mlflow:5000/#/experiments/1/runs/b4244f1a45b443ab8ecafc3fc5ab48fd.
[2025-10-05T07:57:34.862+0000] {logging_mixin.py:190} WARNING - 2025/10/05 07:57:34 INFO mlflow.tracking._tracking_service.client: 🧪 View experiment at: http://mlflow:5000/#/experiments/1.
[2025-10-05T07:57:34.872+0000] {logging_mixin.py:190} INFO - 
==================================================
[2025-10-05T07:57:34.873+0000] {logging_mixin.py:190} INFO - Modelo: GradientBoosting
[2025-10-05T07:57:34.873+0000] {logging_mixin.py:190} INFO - ==================================================
[2025-10-05T07:57:34.944+0000] {warnings.py:110} WARNING - /home/airflow/.local/lib/python3.11/site-packages/joblib/parallel.py:1379: UserWarning: Loky-backed parallel loops cannot be called in a multiprocessing, setting n_jobs=1
  n_jobs = self._backend.configure(

[2025-10-05T07:57:34.944+0000] {logging_mixin.py:190} INFO - Fitting 3 folds for each of 8 candidates, totalling 24 fits
[2025-10-05T07:59:57.979+0000] {logging_mixin.py:190} INFO -   Mejores parámetros: {'classifier__learning_rate': 0.1, 'classifier__max_depth': 5, 'classifier__n_estimators': 100}
[2025-10-05T08:00:25.298+0000] {logging_mixin.py:190} INFO -   Train Accuracy: 0.9897
[2025-10-05T08:00:25.298+0000] {logging_mixin.py:190} INFO -   Test Accuracy: 0.9221
[2025-10-05T08:00:25.298+0000] {logging_mixin.py:190} INFO -   Test F1 (weighted): 0.9219
[2025-10-05T08:00:25.298+0000] {logging_mixin.py:190} INFO -   CV Score: 0.9107 (+/- 0.0033)
[2025-10-05T08:00:26.823+0000] {logging_mixin.py:190} WARNING - 2025/10/05 08:00:26 WARNING mlflow.models.model: Model logged without a signature and input example. Please set `input_example` parameter when logging the model to auto infer the model signature.
[2025-10-05T08:00:26.888+0000] {logging_mixin.py:190} WARNING - Registered model 'forest_cover_gradientboosting' already exists. Creating a new version of this model...
[2025-10-05T08:00:26.904+0000] {logging_mixin.py:190} WARNING - 2025/10/05 08:00:26 INFO mlflow.store.model_registry.abstract_store: Waiting up to 300 seconds for model version to finish creation. Model name: forest_cover_gradientboosting, version 2
[2025-10-05T08:00:26.904+0000] {logging_mixin.py:190} WARNING - Created version '2' of model 'forest_cover_gradientboosting'.
[2025-10-05T08:00:26.915+0000] {logging_mixin.py:190} WARNING - 2025/10/05 08:00:26 INFO mlflow.tracking._tracking_service.client: 🏃 View run GradientBoosting_batch_1 at: http://mlflow:5000/#/experiments/1/runs/a294c5ec64ce482a8435e8309bd305cf.
[2025-10-05T08:00:26.916+0000] {logging_mixin.py:190} WARNING - 2025/10/05 08:00:26 INFO mlflow.tracking._tracking_service.client: 🧪 View experiment at: http://mlflow:5000/#/experiments/1.
[2025-10-05T08:00:26.926+0000] {logging_mixin.py:190} INFO - 
==================================================
[2025-10-05T08:00:26.926+0000] {logging_mixin.py:190} INFO - Modelo: LogisticRegression
[2025-10-05T08:00:26.927+0000] {logging_mixin.py:190} INFO - ==================================================
[2025-10-05T08:00:27.064+0000] {warnings.py:110} WARNING - /home/airflow/.local/lib/python3.11/site-packages/joblib/parallel.py:1379: UserWarning: Loky-backed parallel loops cannot be called in a multiprocessing, setting n_jobs=1
  n_jobs = self._backend.configure(

[2025-10-05T08:00:27.065+0000] {logging_mixin.py:190} INFO - Fitting 3 folds for each of 6 candidates, totalling 18 fits
[2025-10-05T08:00:42.279+0000] {warnings.py:110} WARNING - /home/airflow/.local/lib/python3.11/site-packages/sklearn/linear_model/_sag.py:349: ConvergenceWarning: The max_iter was reached which means the coef_ did not converge
  warnings.warn(

[2025-10-05T08:00:43.676+0000] {warnings.py:110} WARNING - /home/airflow/.local/lib/python3.11/site-packages/sklearn/linear_model/_sag.py:349: ConvergenceWarning: The max_iter was reached which means the coef_ did not converge
  warnings.warn(

[2025-10-05T08:00:45.157+0000] {logging_mixin.py:190} INFO -   Mejores parámetros: {'classifier__C': 1.0, 'classifier__solver': 'lbfgs'}
[2025-10-05T08:00:48.264+0000] {logging_mixin.py:190} INFO -   Train Accuracy: 0.7664
[2025-10-05T08:00:48.266+0000] {logging_mixin.py:190} INFO -   Test Accuracy: 0.7745
[2025-10-05T08:00:48.267+0000] {logging_mixin.py:190} INFO -   Test F1 (weighted): 0.7647
[2025-10-05T08:00:48.268+0000] {logging_mixin.py:190} INFO -   CV Score: 0.7644 (+/- 0.0071)
[2025-10-05T08:00:49.919+0000] {logging_mixin.py:190} WARNING - 2025/10/05 08:00:49 WARNING mlflow.models.model: Model logged without a signature and input example. Please set `input_example` parameter when logging the model to auto infer the model signature.
[2025-10-05T08:00:49.984+0000] {logging_mixin.py:190} WARNING - Registered model 'forest_cover_logisticregression' already exists. Creating a new version of this model...
[2025-10-05T08:00:50.025+0000] {logging_mixin.py:190} WARNING - 2025/10/05 08:00:50 INFO mlflow.store.model_registry.abstract_store: Waiting up to 300 seconds for model version to finish creation. Model name: forest_cover_logisticregression, version 2
[2025-10-05T08:00:50.025+0000] {logging_mixin.py:190} WARNING - Created version '2' of model 'forest_cover_logisticregression'.
[2025-10-05T08:00:50.045+0000] {logging_mixin.py:190} WARNING - 2025/10/05 08:00:50 INFO mlflow.tracking._tracking_service.client: 🏃 View run LogisticRegression_batch_1 at: http://mlflow:5000/#/experiments/1/runs/d68c6cacd4174a92b4d1704eeec8bfc9.
[2025-10-05T08:00:50.045+0000] {logging_mixin.py:190} WARNING - 2025/10/05 08:00:50 INFO mlflow.tracking._tracking_service.client: 🧪 View experiment at: http://mlflow:5000/#/experiments/1.
[2025-10-05T08:00:50.062+0000] {logging_mixin.py:190} INFO - 
==================================================
[2025-10-05T08:00:50.062+0000] {logging_mixin.py:190} INFO - ✓ Entrenamiento completado
[2025-10-05T08:00:50.062+0000] {logging_mixin.py:190} INFO -   Mejor modelo: RandomForest (Accuracy: 0.9346)
[2025-10-05T08:00:50.062+0000] {logging_mixin.py:190} INFO - ==================================================
[2025-10-05T08:00:50.063+0000] {python.py:240} INFO - Done. Returned value was: {'results': {'RandomForest': {'test_accuracy': 0.9345955249569707, 'test_f1_weighted': 0.9336090790577923, 'cv_mean_score': 0.9206110136529598, 'best_params': {'classifier__max_depth': 20, 'classifier__min_samples_split': 2, 'classifier__n_estimators': 100}}, 'GradientBoosting': {'test_accuracy': 0.9221170395869192, 'test_f1_weighted': 0.9219472895992546, 'cv_mean_score': 0.91071416791536, 'best_params': {'classifier__learning_rate': 0.1, 'classifier__max_depth': 5, 'classifier__n_estimators': 100}}, 'LogisticRegression': {'test_accuracy': 0.774526678141136, 'test_f1_weighted': 0.7647046296663532, 'cv_mean_score': 0.7644153174076923, 'best_params': {'classifier__C': 1.0, 'classifier__solver': 'lbfgs'}}}, 'best_model': 'RandomForest', 'best_score': 0.9345955249569707, 'experiment_name': 'forest_cover_classification', 'mlflow_uri': 'http://mlflow:5000'}
[2025-10-05T08:00:50.111+0000] {taskinstance.py:340} INFO - ::group::Post task execution logs
[2025-10-05T08:00:50.112+0000] {taskinstance.py:352} INFO - Marking task as SUCCESS. dag_id=forest_cover_mlops_pipeline, task_id=train_and_log_models, run_id=manual__2025-10-05T07:55:23.750394+00:00, execution_date=20251005T075523, start_date=20251005T075713, end_date=20251005T080050
[2025-10-05T08:00:50.181+0000] {local_task_job_runner.py:266} INFO - Task exited with return code 0
[2025-10-05T08:00:50.237+0000] {taskinstance.py:3900} INFO - 1 downstream tasks scheduled from follow-on schedule check
[2025-10-05T08:00:50.239+0000] {local_task_job_runner.py:245} INFO - ::endgroup::
