[2025-10-05T02:17:51.542+0000] {local_task_job_runner.py:123} INFO - ::group::Pre task execution logs
[2025-10-05T02:17:51.557+0000] {taskinstance.py:2612} INFO - Dependencies all met for dep_context=non-requeueable deps ti=<TaskInstance: forest_cover_mlops_pipeline.train_and_log_models manual__2025-10-05T02:17:44.447537+00:00 [queued]>
[2025-10-05T02:17:51.560+0000] {taskinstance.py:2612} INFO - Dependencies all met for dep_context=requeueable deps ti=<TaskInstance: forest_cover_mlops_pipeline.train_and_log_models manual__2025-10-05T02:17:44.447537+00:00 [queued]>
[2025-10-05T02:17:51.561+0000] {taskinstance.py:2865} INFO - Starting attempt 1 of 3
[2025-10-05T02:17:51.567+0000] {taskinstance.py:2888} INFO - Executing <Task(_PythonDecoratedOperator): train_and_log_models> on 2025-10-05 02:17:44.447537+00:00
[2025-10-05T02:17:51.573+0000] {standard_task_runner.py:72} INFO - Started process 358 to run task
[2025-10-05T02:17:51.575+0000] {standard_task_runner.py:104} INFO - Running: ['airflow', 'tasks', 'run', 'forest_cover_mlops_pipeline', 'train_and_log_models', 'manual__2025-10-05T02:17:44.447537+00:00', '--job-id', '20', '--raw', '--subdir', 'DAGS_FOLDER/forest_cover_dag.py', '--cfg-path', '/home/airflow/tmp/tmp8n3_9ob4']
[2025-10-05T02:17:51.576+0000] {standard_task_runner.py:105} INFO - Job 20: Subtask train_and_log_models
[2025-10-05T02:17:51.637+0000] {task_command.py:467} INFO - Running <TaskInstance: forest_cover_mlops_pipeline.train_and_log_models manual__2025-10-05T02:17:44.447537+00:00 [running]> on host 251551b582e0
[2025-10-05T02:17:51.897+0000] {taskinstance.py:3131} INFO - Exporting env vars: AIRFLOW_CTX_DAG_OWNER='mlops-team-5' AIRFLOW_CTX_DAG_ID='forest_cover_mlops_pipeline' AIRFLOW_CTX_TASK_ID='train_and_log_models' AIRFLOW_CTX_EXECUTION_DATE='2025-10-05T02:17:44.447537+00:00' AIRFLOW_CTX_TRY_NUMBER='1' AIRFLOW_CTX_DAG_RUN_ID='manual__2025-10-05T02:17:44.447537+00:00'
[2025-10-05T02:17:51.897+0000] {taskinstance.py:731} INFO - ::endgroup::
[2025-10-05T02:17:52.040+0000] {logging_mixin.py:190} INFO - Entrenando 3 modelos con GridSearchCV...
[2025-10-05T02:17:52.040+0000] {logging_mixin.py:190} INFO - 
==================================================
[2025-10-05T02:17:52.040+0000] {logging_mixin.py:190} INFO - Modelo: RandomForest
[2025-10-05T02:17:52.040+0000] {logging_mixin.py:190} INFO - ==================================================
[2025-10-05T02:17:52.055+0000] {logging_mixin.py:190} WARNING - 2025/10/05 02:17:52 WARNING mlflow.utils.git_utils: Failed to import Git (the Git executable is probably not on your PATH), so Git SHA is not available. Error: Failed to initialize: Bad git executable.
The git executable must be specified in one of the following ways:
    - be included in your $PATH
    - be set via $GIT_PYTHON_GIT_EXECUTABLE
    - explicitly set via git.refresh(<full-path-to-git-executable>)

All git commands will error until this is rectified.

This initial message can be silenced or aggravated in the future by setting the
$GIT_PYTHON_REFRESH environment variable. Use one of the following values:
    - quiet|q|silence|s|silent|none|n|0: for no message or exception
    - warn|w|warning|log|l|1: for a warning message (logging level CRITICAL, displayed by default)
    - error|e|exception|raise|r|2: for a raised exception

Example:
    export GIT_PYTHON_REFRESH=quiet
[2025-10-05T02:17:52.120+0000] {warnings.py:110} WARNING - /home/airflow/.local/lib/python3.11/site-packages/joblib/parallel.py:1379: UserWarning: Loky-backed parallel loops cannot be called in a multiprocessing, setting n_jobs=1
  n_jobs = self._backend.configure(

[2025-10-05T02:17:52.120+0000] {logging_mixin.py:190} INFO - Fitting 3 folds for each of 12 candidates, totalling 36 fits
[2025-10-05T02:18:13.436+0000] {logging_mixin.py:190} INFO -   Mejores parámetros: {'classifier__max_depth': None, 'classifier__min_samples_split': 2, 'classifier__n_estimators': 100}
[2025-10-05T02:18:16.074+0000] {logging_mixin.py:190} INFO -   Train Accuracy: 1.0000
[2025-10-05T02:18:16.074+0000] {logging_mixin.py:190} INFO -   Test Accuracy: 0.9475
[2025-10-05T02:18:16.074+0000] {logging_mixin.py:190} INFO -   Test F1 (weighted): 0.9468
[2025-10-05T02:18:16.074+0000] {logging_mixin.py:190} INFO -   CV Score: 0.9309 (+/- 0.0036)
[2025-10-05T02:18:18.154+0000] {logging_mixin.py:190} WARNING - 2025/10/05 02:18:18 WARNING mlflow.models.model: Model logged without a signature and input example. Please set `input_example` parameter when logging the model to auto infer the model signature.
[2025-10-05T02:18:18.203+0000] {credentials.py:1147} INFO - Found credentials in environment variables.
[2025-10-05T02:18:18.469+0000] {logging_mixin.py:190} WARNING - Successfully registered model 'forest_cover_randomforest'.
[2025-10-05T02:18:18.502+0000] {logging_mixin.py:190} WARNING - 2025/10/05 02:18:18 INFO mlflow.store.model_registry.abstract_store: Waiting up to 300 seconds for model version to finish creation. Model name: forest_cover_randomforest, version 1
[2025-10-05T02:18:18.502+0000] {logging_mixin.py:190} WARNING - Created version '1' of model 'forest_cover_randomforest'.
[2025-10-05T02:18:18.518+0000] {logging_mixin.py:190} WARNING - 2025/10/05 02:18:18 INFO mlflow.tracking._tracking_service.client: 🏃 View run RandomForest_batch_3 at: http://mlflow:5000/#/experiments/1/runs/eff5813f1ce04afe9928b64481351252.
[2025-10-05T02:18:18.519+0000] {logging_mixin.py:190} WARNING - 2025/10/05 02:18:18 INFO mlflow.tracking._tracking_service.client: 🧪 View experiment at: http://mlflow:5000/#/experiments/1.
[2025-10-05T02:18:18.532+0000] {logging_mixin.py:190} INFO - 
==================================================
[2025-10-05T02:18:18.533+0000] {logging_mixin.py:190} INFO - Modelo: GradientBoosting
[2025-10-05T02:18:18.533+0000] {logging_mixin.py:190} INFO - ==================================================
[2025-10-05T02:18:18.610+0000] {warnings.py:110} WARNING - /home/airflow/.local/lib/python3.11/site-packages/joblib/parallel.py:1379: UserWarning: Loky-backed parallel loops cannot be called in a multiprocessing, setting n_jobs=1
  n_jobs = self._backend.configure(

[2025-10-05T02:18:18.610+0000] {logging_mixin.py:190} INFO - Fitting 3 folds for each of 8 candidates, totalling 24 fits
[2025-10-05T02:21:26.583+0000] {logging_mixin.py:190} INFO -   Mejores parámetros: {'classifier__learning_rate': 0.1, 'classifier__max_depth': 5, 'classifier__n_estimators': 100}
[2025-10-05T02:22:02.522+0000] {logging_mixin.py:190} INFO -   Train Accuracy: 0.9803
[2025-10-05T02:22:02.522+0000] {logging_mixin.py:190} INFO -   Test Accuracy: 0.9297
[2025-10-05T02:22:02.522+0000] {logging_mixin.py:190} INFO -   Test F1 (weighted): 0.9294
[2025-10-05T02:22:02.522+0000] {logging_mixin.py:190} INFO -   CV Score: 0.9186 (+/- 0.0023)
[2025-10-05T02:22:03.951+0000] {logging_mixin.py:190} WARNING - 2025/10/05 02:22:03 WARNING mlflow.models.model: Model logged without a signature and input example. Please set `input_example` parameter when logging the model to auto infer the model signature.
[2025-10-05T02:22:04.049+0000] {logging_mixin.py:190} WARNING - Successfully registered model 'forest_cover_gradientboosting'.
[2025-10-05T02:22:04.095+0000] {logging_mixin.py:190} WARNING - 2025/10/05 02:22:04 INFO mlflow.store.model_registry.abstract_store: Waiting up to 300 seconds for model version to finish creation. Model name: forest_cover_gradientboosting, version 1
[2025-10-05T02:22:04.095+0000] {logging_mixin.py:190} WARNING - Created version '1' of model 'forest_cover_gradientboosting'.
[2025-10-05T02:22:04.113+0000] {logging_mixin.py:190} WARNING - 2025/10/05 02:22:04 INFO mlflow.tracking._tracking_service.client: 🏃 View run GradientBoosting_batch_3 at: http://mlflow:5000/#/experiments/1/runs/20513653a43f4e2a9debe9869c3f66ee.
[2025-10-05T02:22:04.114+0000] {logging_mixin.py:190} WARNING - 2025/10/05 02:22:04 INFO mlflow.tracking._tracking_service.client: 🧪 View experiment at: http://mlflow:5000/#/experiments/1.
[2025-10-05T02:22:04.139+0000] {logging_mixin.py:190} INFO - 
==================================================
[2025-10-05T02:22:04.139+0000] {logging_mixin.py:190} INFO - Modelo: LogisticRegression
[2025-10-05T02:22:04.140+0000] {logging_mixin.py:190} INFO - ==================================================
[2025-10-05T02:22:04.275+0000] {warnings.py:110} WARNING - /home/airflow/.local/lib/python3.11/site-packages/joblib/parallel.py:1379: UserWarning: Loky-backed parallel loops cannot be called in a multiprocessing, setting n_jobs=1
  n_jobs = self._backend.configure(

[2025-10-05T02:22:04.277+0000] {logging_mixin.py:190} INFO - Fitting 3 folds for each of 6 candidates, totalling 18 fits
[2025-10-05T02:22:24.313+0000] {warnings.py:110} WARNING - /home/airflow/.local/lib/python3.11/site-packages/sklearn/linear_model/_sag.py:349: ConvergenceWarning: The max_iter was reached which means the coef_ did not converge
  warnings.warn(

[2025-10-05T02:22:26.474+0000] {warnings.py:110} WARNING - /home/airflow/.local/lib/python3.11/site-packages/sklearn/linear_model/_sag.py:349: ConvergenceWarning: The max_iter was reached which means the coef_ did not converge
  warnings.warn(

[2025-10-05T02:22:28.751+0000] {warnings.py:110} WARNING - /home/airflow/.local/lib/python3.11/site-packages/sklearn/linear_model/_sag.py:349: ConvergenceWarning: The max_iter was reached which means the coef_ did not converge
  warnings.warn(

[2025-10-05T02:22:32.830+0000] {logging_mixin.py:190} INFO -   Mejores parámetros: {'classifier__C': 10.0, 'classifier__solver': 'lbfgs'}
[2025-10-05T02:22:39.760+0000] {logging_mixin.py:190} INFO -   Train Accuracy: 0.7629
[2025-10-05T02:22:39.761+0000] {logging_mixin.py:190} INFO -   Test Accuracy: 0.7610
[2025-10-05T02:22:39.761+0000] {logging_mixin.py:190} INFO -   Test F1 (weighted): 0.7501
[2025-10-05T02:22:39.761+0000] {logging_mixin.py:190} INFO -   CV Score: 0.7626 (+/- 0.0059)
[2025-10-05T02:22:41.322+0000] {logging_mixin.py:190} WARNING - 2025/10/05 02:22:41 WARNING mlflow.models.model: Model logged without a signature and input example. Please set `input_example` parameter when logging the model to auto infer the model signature.
[2025-10-05T02:22:41.379+0000] {logging_mixin.py:190} WARNING - Successfully registered model 'forest_cover_logisticregression'.
[2025-10-05T02:22:41.427+0000] {logging_mixin.py:190} WARNING - 2025/10/05 02:22:41 INFO mlflow.store.model_registry.abstract_store: Waiting up to 300 seconds for model version to finish creation. Model name: forest_cover_logisticregression, version 1
[2025-10-05T02:22:41.427+0000] {logging_mixin.py:190} WARNING - Created version '1' of model 'forest_cover_logisticregression'.
[2025-10-05T02:22:41.455+0000] {logging_mixin.py:190} WARNING - 2025/10/05 02:22:41 INFO mlflow.tracking._tracking_service.client: 🏃 View run LogisticRegression_batch_3 at: http://mlflow:5000/#/experiments/1/runs/9f3c3570f16045a2aa3a57db0c5e77ed.
[2025-10-05T02:22:41.455+0000] {logging_mixin.py:190} WARNING - 2025/10/05 02:22:41 INFO mlflow.tracking._tracking_service.client: 🧪 View experiment at: http://mlflow:5000/#/experiments/1.
[2025-10-05T02:22:41.473+0000] {logging_mixin.py:190} INFO - 
==================================================
[2025-10-05T02:22:41.473+0000] {logging_mixin.py:190} INFO - ✓ Entrenamiento completado
[2025-10-05T02:22:41.474+0000] {logging_mixin.py:190} INFO -   Mejor modelo: RandomForest (Accuracy: 0.9475)
[2025-10-05T02:22:41.474+0000] {logging_mixin.py:190} INFO - ==================================================
[2025-10-05T02:22:41.474+0000] {python.py:240} INFO - Done. Returned value was: {'results': {'RandomForest': {'test_accuracy': 0.9475043029259896, 'test_f1_weighted': 0.9467798654215985, 'cv_mean_score': 0.9309380378657487, 'best_params': {'classifier__max_depth': None, 'classifier__min_samples_split': 2, 'classifier__n_estimators': 100}}, 'GradientBoosting': {'test_accuracy': 0.929718875502008, 'test_f1_weighted': 0.9293850314524977, 'cv_mean_score': 0.9186029833620196, 'best_params': {'classifier__learning_rate': 0.1, 'classifier__max_depth': 5, 'classifier__n_estimators': 100}}, 'LogisticRegression': {'test_accuracy': 0.7610441767068273, 'test_f1_weighted': 0.7500604838945724, 'cv_mean_score': 0.7625502008032128, 'best_params': {'classifier__C': 10.0, 'classifier__solver': 'lbfgs'}}}, 'best_model': 'RandomForest', 'best_score': 0.9475043029259896, 'experiment_name': 'forest_cover_classification', 'mlflow_uri': 'http://mlflow:5000'}
[2025-10-05T02:22:41.541+0000] {taskinstance.py:340} INFO - ::group::Post task execution logs
[2025-10-05T02:22:41.541+0000] {taskinstance.py:352} INFO - Marking task as SUCCESS. dag_id=forest_cover_mlops_pipeline, task_id=train_and_log_models, run_id=manual__2025-10-05T02:17:44.447537+00:00, execution_date=20251005T021744, start_date=20251005T021751, end_date=20251005T022241
[2025-10-05T02:22:41.592+0000] {local_task_job_runner.py:266} INFO - Task exited with return code 0
[2025-10-05T02:22:41.594+0000] {standard_task_runner.py:217} INFO - Process not found (most likely exited), stop collecting metrics
[2025-10-05T02:22:41.640+0000] {taskinstance.py:3900} INFO - 1 downstream tasks scheduled from follow-on schedule check
[2025-10-05T02:22:41.641+0000] {local_task_job_runner.py:245} INFO - ::endgroup::
