[2025-10-05T09:23:53.322+0000] {local_task_job_runner.py:123} INFO - ::group::Pre task execution logs
[2025-10-05T09:23:53.338+0000] {taskinstance.py:2612} INFO - Dependencies all met for dep_context=non-requeueable deps ti=<TaskInstance: forest_cover_mlops_pipeline.store_batch_in_postgres scheduled__2025-10-05T09:15:00+00:00 [queued]>
[2025-10-05T09:23:53.345+0000] {taskinstance.py:2612} INFO - Dependencies all met for dep_context=requeueable deps ti=<TaskInstance: forest_cover_mlops_pipeline.store_batch_in_postgres scheduled__2025-10-05T09:15:00+00:00 [queued]>
[2025-10-05T09:23:53.345+0000] {taskinstance.py:2865} INFO - Starting attempt 1 of 3
[2025-10-05T09:23:53.352+0000] {taskinstance.py:2888} INFO - Executing <Task(_PythonDecoratedOperator): store_batch_in_postgres> on 2025-10-05 09:15:00+00:00
[2025-10-05T09:23:53.358+0000] {standard_task_runner.py:72} INFO - Started process 6653 to run task
[2025-10-05T09:23:53.362+0000] {standard_task_runner.py:104} INFO - Running: ['airflow', 'tasks', 'run', 'forest_cover_mlops_pipeline', 'store_batch_in_postgres', 'scheduled__2025-10-05T09:15:00+00:00', '--job-id', '109', '--raw', '--subdir', 'DAGS_FOLDER/forest_cover_dag.py', '--cfg-path', '/home/airflow/tmp/tmpp0wz9tkd']
[2025-10-05T09:23:53.363+0000] {standard_task_runner.py:105} INFO - Job 109: Subtask store_batch_in_postgres
[2025-10-05T09:23:53.461+0000] {task_command.py:467} INFO - Running <TaskInstance: forest_cover_mlops_pipeline.store_batch_in_postgres scheduled__2025-10-05T09:15:00+00:00 [running]> on host 3702e9b7dcde
[2025-10-05T09:23:53.575+0000] {taskinstance.py:3131} INFO - Exporting env vars: AIRFLOW_CTX_DAG_OWNER='mlops-team' AIRFLOW_CTX_DAG_ID='forest_cover_mlops_pipeline' AIRFLOW_CTX_TASK_ID='store_batch_in_postgres' AIRFLOW_CTX_EXECUTION_DATE='2025-10-05T09:15:00+00:00' AIRFLOW_CTX_TRY_NUMBER='1' AIRFLOW_CTX_DAG_RUN_ID='scheduled__2025-10-05T09:15:00+00:00'
[2025-10-05T09:23:53.576+0000] {taskinstance.py:731} INFO - ::endgroup::
[2025-10-05T09:23:53.611+0000] {logging_mixin.py:190} INFO - ✓ Batch almacenado en PostgreSQL
[2025-10-05T09:23:53.612+0000] {logging_mixin.py:190} INFO -   - ID insertado: 11
[2025-10-05T09:23:53.612+0000] {logging_mixin.py:190} INFO -   - Batch number: 10
[2025-10-05T09:23:53.612+0000] {logging_mixin.py:190} INFO -   - Registros en este batch: 5810
[2025-10-05T09:23:53.612+0000] {logging_mixin.py:190} INFO -   - Total de batches acumulados: 10
[2025-10-05T09:23:53.612+0000] {logging_mixin.py:190} INFO -   - Total de registros acumulados: 63910
[2025-10-05T09:23:53.612+0000] {python.py:240} INFO - Done. Returned value was: {'batch_number': 10, 'records_in_batch': 5810, 'total_batches': 10, 'total_records': 63910}
[2025-10-05T09:23:53.640+0000] {taskinstance.py:340} INFO - ::group::Post task execution logs
[2025-10-05T09:23:53.640+0000] {taskinstance.py:352} INFO - Marking task as SUCCESS. dag_id=forest_cover_mlops_pipeline, task_id=store_batch_in_postgres, run_id=scheduled__2025-10-05T09:15:00+00:00, execution_date=20251005T091500, start_date=20251005T092353, end_date=20251005T092353
[2025-10-05T09:23:53.694+0000] {local_task_job_runner.py:266} INFO - Task exited with return code 0
[2025-10-05T09:23:53.745+0000] {taskinstance.py:3900} INFO - 1 downstream tasks scheduled from follow-on schedule check
[2025-10-05T09:23:53.746+0000] {local_task_job_runner.py:245} INFO - ::endgroup::
