[2025-10-05T03:25:05.258+0000] {local_task_job_runner.py:123} INFO - ::group::Pre task execution logs
[2025-10-05T03:25:05.269+0000] {taskinstance.py:2612} INFO - Dependencies all met for dep_context=non-requeueable deps ti=<TaskInstance: forest_cover_mlops_pipeline.load_accumulated_data scheduled__2025-10-05T03:20:00+00:00 [queued]>
[2025-10-05T03:25:05.273+0000] {taskinstance.py:2612} INFO - Dependencies all met for dep_context=requeueable deps ti=<TaskInstance: forest_cover_mlops_pipeline.load_accumulated_data scheduled__2025-10-05T03:20:00+00:00 [queued]>
[2025-10-05T03:25:05.274+0000] {taskinstance.py:2865} INFO - Starting attempt 1 of 3
[2025-10-05T03:25:05.280+0000] {taskinstance.py:2888} INFO - Executing <Task(_PythonDecoratedOperator): load_accumulated_data> on 2025-10-05 03:20:00+00:00
[2025-10-05T03:25:05.286+0000] {standard_task_runner.py:72} INFO - Started process 1963 to run task
[2025-10-05T03:25:05.288+0000] {standard_task_runner.py:104} INFO - Running: ['airflow', 'tasks', 'run', 'forest_cover_mlops_pipeline', 'load_accumulated_data', 'scheduled__2025-10-05T03:20:00+00:00', '--job-id', '29', '--raw', '--subdir', 'DAGS_FOLDER/forest_cover_dag.py', '--cfg-path', '/home/airflow/tmp/tmp0m1wwob1']
[2025-10-05T03:25:05.290+0000] {standard_task_runner.py:105} INFO - Job 29: Subtask load_accumulated_data
[2025-10-05T03:25:05.321+0000] {task_command.py:467} INFO - Running <TaskInstance: forest_cover_mlops_pipeline.load_accumulated_data scheduled__2025-10-05T03:20:00+00:00 [running]> on host 251551b582e0
[2025-10-05T03:25:05.386+0000] {taskinstance.py:3131} INFO - Exporting env vars: AIRFLOW_CTX_DAG_OWNER='mlops-team-5' AIRFLOW_CTX_DAG_ID='forest_cover_mlops_pipeline' AIRFLOW_CTX_TASK_ID='load_accumulated_data' AIRFLOW_CTX_EXECUTION_DATE='2025-10-05T03:20:00+00:00' AIRFLOW_CTX_TRY_NUMBER='1' AIRFLOW_CTX_DAG_RUN_ID='scheduled__2025-10-05T03:20:00+00:00'
[2025-10-05T03:25:05.386+0000] {taskinstance.py:731} INFO - ::endgroup::
[2025-10-05T03:25:05.626+0000] {logging_mixin.py:190} INFO - ✓ Datos acumulados cargados desde PostgreSQL
[2025-10-05T03:25:05.626+0000] {logging_mixin.py:190} INFO -   - Batches únicos cargados: [3, 4, 5, 6, 7]
[2025-10-05T03:25:05.626+0000] {logging_mixin.py:190} INFO -   - Total de registros: 29050
[2025-10-05T03:25:05.626+0000] {logging_mixin.py:190} INFO -   - Forma del DataFrame: (29050, 13)
[2025-10-05T03:25:05.626+0000] {logging_mixin.py:190} INFO -   - Columnas: ['Elevation', 'Aspect', 'Slope', 'Horizontal_Distance_To_Hydrology', 'Vertical_Distance_To_Hydrology', 'Horizontal_Distance_To_Roadways', 'Hillshade_9am', 'Hillshade_Noon', 'Hillshade_3pm', 'Horizontal_Distance_To_Fire_Points', 'Wilderness_Area', 'Soil_Type', 'Cover_Type']
[2025-10-05T03:25:05.628+0000] {python.py:240} INFO - Done. Returned value was:        Elevation  Aspect  Slope  ...  Wilderness_Area  Soil_Type  Cover_Type
0           2884      47     10  ...        Commanche      C4704           1
1           3152     356     15  ...        Commanche      C7202           0
2           3233     304     28  ...            Rawah      C7745           0
3           2851     123     12  ...        Commanche      C7755           1
4           2857      37     14  ...        Commanche      C4704           1
...          ...     ...    ...  ...              ...        ...         ...
29045       2945     124     10  ...        Commanche      C7756           1
29046       3471       9     28  ...            Rawah      C8776           0
29047       3124      24     11  ...        Commanche      C7755           0
29048       3056     355     11  ...        Commanche      C7700           0
29049       2826     241     24  ...        Commanche      C2705           1

[29050 rows x 13 columns]
[2025-10-05T03:25:05.703+0000] {taskinstance.py:340} INFO - ::group::Post task execution logs
[2025-10-05T03:25:05.704+0000] {taskinstance.py:352} INFO - Marking task as SUCCESS. dag_id=forest_cover_mlops_pipeline, task_id=load_accumulated_data, run_id=scheduled__2025-10-05T03:20:00+00:00, execution_date=20251005T032000, start_date=20251005T032505, end_date=20251005T032505
[2025-10-05T03:25:05.742+0000] {local_task_job_runner.py:266} INFO - Task exited with return code 0
[2025-10-05T03:25:05.759+0000] {taskinstance.py:3900} INFO - 1 downstream tasks scheduled from follow-on schedule check
[2025-10-05T03:25:05.760+0000] {local_task_job_runner.py:245} INFO - ::endgroup::
